{"/home/rupalimishra/Documents/React/Newburger/src/App.js": {"path":"/home/rupalimishra/Documents/React/Newburger/src/App.js","statementMap":{"0":{"start":{"line":8,"column":4},"end":{"line":14,"column":6}}},"fnMap":{"0":{"name":"(anonymous_0)","decl":{"start":{"line":7,"column":2},"end":{"line":7,"column":3}},"loc":{"start":{"line":7,"column":12},"end":{"line":15,"column":3}},"line":7}},"branchMap":{},"s":{"0":1},"f":{"0":1},"b":{},"_coverageSchema":"332fd63041d2c1bcb487cc26dd0d5f7d97098a6c","hash":"81b6d6360223e62977deb04fde37c24dc77b4342"}
,"/home/rupalimishra/Documents/React/Newburger/src/axios-orders.js": {"path":"/home/rupalimishra/Documents/React/Newburger/src/axios-orders.js","statementMap":{"0":{"start":{"line":3,"column":17},"end":{"line":5,"column":2}}},"fnMap":{},"branchMap":{},"s":{"0":2},"f":{},"b":{},"_coverageSchema":"332fd63041d2c1bcb487cc26dd0d5f7d97098a6c","hash":"6fb3d91afc5b6eaafd1dfac70759aa92f8d991aa"}
,"/home/rupalimishra/Documents/React/Newburger/src/index.js": {"path":"/home/rupalimishra/Documents/React/Newburger/src/index.js","statementMap":{"0":{"start":{"line":1,"column":32},"end":{"line":1,"column":91}},"1":{"start":{"line":1,"column":105},"end":{"line":1,"column":121}},"2":{"start":{"line":1,"column":136},"end":{"line":1,"column":166}},"3":{"start":{"line":2,"column":16},"end":{"line":2,"column":36}},"4":{"start":{"line":2,"column":54},"end":{"line":2,"column":87}},"5":{"start":{"line":3,"column":0},"end":{"line":3,"column":23}},"6":{"start":{"line":4,"column":11},"end":{"line":4,"column":27}},"7":{"start":{"line":4,"column":40},"end":{"line":4,"column":68}},"8":{"start":{"line":5,"column":29},"end":{"line":5,"column":63}},"9":{"start":{"line":5,"column":94},"end":{"line":5,"column":140}},"10":{"start":{"line":5,"column":179},"end":{"line":5,"column":233}},"11":{"start":{"line":7,"column":0},"end":{"line":7,"column":181}},"12":{"start":{"line":8,"column":0},"end":{"line":8,"column":39}}},"fnMap":{"0":{"name":"_interopRequireDefault","decl":{"start":{"line":5,"column":150},"end":{"line":5,"column":172}},"loc":{"start":{"line":5,"column":178},"end":{"line":5,"column":234}},"line":5}},"branchMap":{"0":{"loc":{"start":{"line":5,"column":186},"end":{"line":5,"column":232}},"type":"cond-expr","locations":[{"start":{"line":5,"column":210},"end":{"line":5,"column":213}},{"start":{"line":5,"column":216},"end":{"line":5,"column":232}}],"line":5},"1":{"loc":{"start":{"line":5,"column":186},"end":{"line":5,"column":207}},"type":"binary-expr","locations":[{"start":{"line":5,"column":186},"end":{"line":5,"column":189}},{"start":{"line":5,"column":193},"end":{"line":5,"column":207}}],"line":5}},"s":{"0":0,"1":0,"2":0,"3":0,"4":0,"5":0,"6":0,"7":0,"8":0,"9":0,"10":0,"11":0,"12":0},"f":{"0":0},"b":{"0":[0,0],"1":[0,0]}}
,"/home/rupalimishra/Documents/React/Newburger/src/registerServiceWorker.js": {"path":"/home/rupalimishra/Documents/React/Newburger/src/registerServiceWorker.js","statementMap":{"0":{"start":{"line":1,"column":13},"end":{"line":1,"column":75}},"1":{"start":{"line":1,"column":75},"end":{"line":12,"column":9}},"2":{"start":{"line":12,"column":9},"end":{"line":84,"column":24}},"3":{"start":{"line":84,"column":44},"end":{"line":86,"column":89}},"4":{"start":{"line":86,"column":111},"end":{"line":88,"column":44}},"5":{"start":{"line":86,"column":205},"end":{"line":86,"column":253}},"6":{"start":{"line":86,"column":254},"end":{"line":86,"column":305}},"7":{"start":{"line":86,"column":305},"end":{"line":88,"column":43}},"8":{"start":{"line":86,"column":358},"end":{"line":86,"column":403}},"9":{"start":{"line":86,"column":404},"end":{"line":88,"column":40}},"10":{"start":{"line":87,"column":8},"end":{"line":87,"column":31}},"11":{"start":{"line":88,"column":8},"end":{"line":88,"column":39}},"12":{"start":{"line":88,"column":78},"end":{"line":88,"column":560}},"13":{"start":{"line":88,"column":140},"end":{"line":88,"column":472}},"14":{"start":{"line":88,"column":201},"end":{"line":88,"column":224}},"15":{"start":{"line":88,"column":225},"end":{"line":88,"column":470}},"16":{"start":{"line":88,"column":265},"end":{"line":88,"column":468}},"17":{"start":{"line":88,"column":310},"end":{"line":88,"column":467}},"18":{"start":{"line":88,"column":351},"end":{"line":88,"column":408}},"19":{"start":{"line":88,"column":416},"end":{"line":88,"column":466}},"20":{"start":{"line":88,"column":491},"end":{"line":88,"column":557}},"21":{"start":{"line":89,"column":2},"end":{"line":92,"column":126}},"22":{"start":{"line":90,"column":4},"end":{"line":92,"column":30}},"23":{"start":{"line":91,"column":6},"end":{"line":91,"column":127}},"24":{"start":{"line":91,"column":58},"end":{"line":91,"column":124}},"25":{"start":{"line":91,"column":96},"end":{"line":91,"column":121}},"26":{"start":{"line":92,"column":6},"end":{"line":92,"column":29}},"27":{"start":{"line":92,"column":46},"end":{"line":92,"column":123}},"28":{"start":{"line":92,"column":150},"end":{"line":92,"column":267}},"29":{"start":{"line":92,"column":185},"end":{"line":92,"column":266}},"30":{"start":{"line":92,"column":237},"end":{"line":92,"column":263}}},"fnMap":{"0":{"name":"register","decl":{"start":{"line":86,"column":99},"end":{"line":86,"column":107}},"loc":{"start":{"line":86,"column":110},"end":{"line":88,"column":45}},"line":86},"1":{"name":"(anonymous_1)","decl":{"start":{"line":86,"column":337},"end":{"line":86,"column":338}},"loc":{"start":{"line":86,"column":343},"end":{"line":88,"column":41}},"line":86},"2":{"name":"registerValidSW","decl":{"start":{"line":88,"column":54},"end":{"line":88,"column":69}},"loc":{"start":{"line":88,"column":77},"end":{"line":88,"column":561}},"line":88},"3":{"name":"(anonymous_3)","decl":{"start":{"line":88,"column":123},"end":{"line":88,"column":124}},"loc":{"start":{"line":88,"column":139},"end":{"line":88,"column":473}},"line":88},"4":{"name":"(anonymous_4)","decl":{"start":{"line":88,"column":169},"end":{"line":88,"column":170}},"loc":{"start":{"line":88,"column":175},"end":{"line":88,"column":471}},"line":88},"5":{"name":"(anonymous_5)","decl":{"start":{"line":88,"column":258},"end":{"line":88,"column":259}},"loc":{"start":{"line":88,"column":264},"end":{"line":88,"column":469}},"line":88},"6":{"name":"(anonymous_6)","decl":{"start":{"line":88,"column":481},"end":{"line":88,"column":482}},"loc":{"start":{"line":88,"column":490},"end":{"line":88,"column":558}},"line":88},"7":{"name":"checkValidServiceWorker","decl":{"start":{"line":88,"column":570},"end":{"line":88,"column":593}},"loc":{"start":{"line":88,"column":601},"end":{"line":92,"column":127}},"line":88},"8":{"name":"(anonymous_8)","decl":{"start":{"line":89,"column":20},"end":{"line":89,"column":21}},"loc":{"start":{"line":89,"column":32},"end":{"line":92,"column":31}},"line":89},"9":{"name":"(anonymous_9)","decl":{"start":{"line":91,"column":41},"end":{"line":91,"column":42}},"loc":{"start":{"line":91,"column":57},"end":{"line":91,"column":125}},"line":91},"10":{"name":"(anonymous_10)","decl":{"start":{"line":91,"column":89},"end":{"line":91,"column":90}},"loc":{"start":{"line":91,"column":95},"end":{"line":91,"column":122}},"line":91},"11":{"name":"(anonymous_11)","decl":{"start":{"line":92,"column":39},"end":{"line":92,"column":40}},"loc":{"start":{"line":92,"column":45},"end":{"line":92,"column":124}},"line":92},"12":{"name":"unregister","decl":{"start":{"line":92,"column":136},"end":{"line":92,"column":146}},"loc":{"start":{"line":92,"column":149},"end":{"line":92,"column":268}},"line":92},"13":{"name":"(anonymous_13)","decl":{"start":{"line":92,"column":220},"end":{"line":92,"column":221}},"loc":{"start":{"line":92,"column":236},"end":{"line":92,"column":264}},"line":92}},"branchMap":{"0":{"loc":{"start":{"line":84,"column":52},"end":{"line":86,"column":88}},"type":"binary-expr","locations":[{"start":{"line":84,"column":52},"end":{"line":84,"column":92}},{"start":{"line":85,"column":0},"end":{"line":85,"column":36}},{"start":{"line":86,"column":0},"end":{"line":86,"column":88}}],"line":84},"1":{"loc":{"start":{"line":86,"column":111},"end":{"line":88,"column":44}},"type":"if","locations":[{"start":{"line":86,"column":111},"end":{"line":88,"column":44}},{"start":{"line":86,"column":111},"end":{"line":88,"column":44}}],"line":86},"2":{"loc":{"start":{"line":86,"column":115},"end":{"line":86,"column":184}},"type":"binary-expr","locations":[{"start":{"line":86,"column":115},"end":{"line":86,"column":152}},{"start":{"line":86,"column":156},"end":{"line":86,"column":184}}],"line":86},"3":{"loc":{"start":{"line":86,"column":254},"end":{"line":86,"column":305}},"type":"if","locations":[{"start":{"line":86,"column":254},"end":{"line":86,"column":305}},{"start":{"line":86,"column":254},"end":{"line":86,"column":305}}],"line":86},"4":{"loc":{"start":{"line":86,"column":404},"end":{"line":88,"column":40}},"type":"if","locations":[{"start":{"line":86,"column":404},"end":{"line":88,"column":40}},{"start":{"line":86,"column":404},"end":{"line":88,"column":40}}],"line":86},"5":{"loc":{"start":{"line":88,"column":265},"end":{"line":88,"column":468}},"type":"if","locations":[{"start":{"line":88,"column":265},"end":{"line":88,"column":468}},{"start":{"line":88,"column":265},"end":{"line":88,"column":468}}],"line":88},"6":{"loc":{"start":{"line":88,"column":310},"end":{"line":88,"column":467}},"type":"if","locations":[{"start":{"line":88,"column":310},"end":{"line":88,"column":467}},{"start":{"line":88,"column":310},"end":{"line":88,"column":467}}],"line":88},"7":{"loc":{"start":{"line":90,"column":4},"end":{"line":92,"column":30}},"type":"if","locations":[{"start":{"line":90,"column":4},"end":{"line":92,"column":30}},{"start":{"line":90,"column":4},"end":{"line":92,"column":30}}],"line":90},"8":{"loc":{"start":{"line":90,"column":8},"end":{"line":90,"column":100}},"type":"binary-expr","locations":[{"start":{"line":90,"column":8},"end":{"line":90,"column":31}},{"start":{"line":90,"column":35},"end":{"line":90,"column":100}}],"line":90},"9":{"loc":{"start":{"line":92,"column":150},"end":{"line":92,"column":267}},"type":"if","locations":[{"start":{"line":92,"column":150},"end":{"line":92,"column":267}},{"start":{"line":92,"column":150},"end":{"line":92,"column":267}}],"line":92}},"s":{"0":0,"1":0,"2":0,"3":0,"4":0,"5":0,"6":0,"7":0,"8":0,"9":0,"10":0,"11":0,"12":0,"13":0,"14":0,"15":0,"16":0,"17":0,"18":0,"19":0,"20":0,"21":0,"22":0,"23":0,"24":0,"25":0,"26":0,"27":0,"28":0,"29":0,"30":0},"f":{"0":0,"1":0,"2":0,"3":0,"4":0,"5":0,"6":0,"7":0,"8":0,"9":0,"10":0,"11":0,"12":0,"13":0},"b":{"0":[0,0,0],"1":[0,0],"2":[0,0],"3":[0,0],"4":[0,0],"5":[0,0],"6":[0,0],"7":[0,0],"8":[0,0],"9":[0,0]}}
,"/home/rupalimishra/Documents/React/Newburger/src/components/Burger/Burger.js": {"path":"/home/rupalimishra/Documents/React/Newburger/src/components/Burger/Burger.js","statementMap":{"0":{"start":{"line":6,"column":15},"end":{"line":26,"column":1}},"1":{"start":{"line":7,"column":33},"end":{"line":15,"column":14}},"2":{"start":{"line":9,"column":12},"end":{"line":11,"column":16}},"3":{"start":{"line":10,"column":16},"end":{"line":10,"column":73}},"4":{"start":{"line":14,"column":12},"end":{"line":14,"column":33}},"5":{"start":{"line":16,"column":4},"end":{"line":18,"column":5}},"6":{"start":{"line":17,"column":8},"end":{"line":17,"column":73}},"7":{"start":{"line":19,"column":4},"end":{"line":25,"column":6}}},"fnMap":{"0":{"name":"(anonymous_0)","decl":{"start":{"line":6,"column":15},"end":{"line":6,"column":16}},"loc":{"start":{"line":6,"column":28},"end":{"line":26,"column":1}},"line":6},"1":{"name":"(anonymous_1)","decl":{"start":{"line":8,"column":14},"end":{"line":8,"column":15}},"loc":{"start":{"line":8,"column":23},"end":{"line":12,"column":9}},"line":8},"2":{"name":"(anonymous_2)","decl":{"start":{"line":9,"column":63},"end":{"line":9,"column":64}},"loc":{"start":{"line":9,"column":75},"end":{"line":11,"column":13}},"line":9},"3":{"name":"(anonymous_3)","decl":{"start":{"line":13,"column":16},"end":{"line":13,"column":17}},"loc":{"start":{"line":13,"column":29},"end":{"line":15,"column":9}},"line":13}},"branchMap":{"0":{"loc":{"start":{"line":16,"column":4},"end":{"line":18,"column":5}},"type":"if","locations":[{"start":{"line":16,"column":4},"end":{"line":18,"column":5}},{"start":{"line":16,"column":4},"end":{"line":18,"column":5}}],"line":16}},"s":{"0":3,"1":1,"2":0,"3":0,"4":0,"5":0,"6":0,"7":0},"f":{"0":1,"1":0,"2":0,"3":0},"b":{"0":[0,0]},"_coverageSchema":"332fd63041d2c1bcb487cc26dd0d5f7d97098a6c","hash":"9f5489921079486c96695b29882f2aaf7afbe45a"}
,"/home/rupalimishra/Documents/React/Newburger/src/components/Burger/BuildControls/BuildControls.js": {"path":"/home/rupalimishra/Documents/React/Newburger/src/components/Burger/BuildControls/BuildControls.js","statementMap":{"0":{"start":{"line":6,"column":17},"end":{"line":11,"column":1}},"1":{"start":{"line":13,"column":22},"end":{"line":29,"column":1}},"2":{"start":{"line":14,"column":4},"end":{"line":28,"column":10}},"3":{"start":{"line":17,"column":12},"end":{"line":22,"column":55}},"4":{"start":{"line":20,"column":29},"end":{"line":20,"column":61}},"5":{"start":{"line":21,"column":31},"end":{"line":21,"column":65}}},"fnMap":{"0":{"name":"(anonymous_0)","decl":{"start":{"line":13,"column":22},"end":{"line":13,"column":23}},"loc":{"start":{"line":14,"column":4},"end":{"line":28,"column":10}},"line":14},"1":{"name":"(anonymous_1)","decl":{"start":{"line":16,"column":22},"end":{"line":16,"column":23}},"loc":{"start":{"line":17,"column":12},"end":{"line":22,"column":55}},"line":17},"2":{"name":"(anonymous_2)","decl":{"start":{"line":20,"column":23},"end":{"line":20,"column":24}},"loc":{"start":{"line":20,"column":29},"end":{"line":20,"column":61}},"line":20},"3":{"name":"(anonymous_3)","decl":{"start":{"line":21,"column":25},"end":{"line":21,"column":26}},"loc":{"start":{"line":21,"column":31},"end":{"line":21,"column":65}},"line":21}},"branchMap":{},"s":{"0":3,"1":3,"2":1,"3":0,"4":0,"5":0},"f":{"0":1,"1":0,"2":0,"3":0},"b":{},"_coverageSchema":"332fd63041d2c1bcb487cc26dd0d5f7d97098a6c","hash":"f2e257d788eaa4658a10d2542e248df5ba02e43d"}
,"/home/rupalimishra/Documents/React/Newburger/src/components/Burger/BuildControls/BuildControl/BuildControl.js": {"path":"/home/rupalimishra/Documents/React/Newburger/src/components/Burger/BuildControls/BuildControl/BuildControl.js","statementMap":{"0":{"start":{"line":5,"column":21},"end":{"line":16,"column":1}},"1":{"start":{"line":6,"column":4},"end":{"line":15,"column":10}}},"fnMap":{"0":{"name":"(anonymous_0)","decl":{"start":{"line":5,"column":21},"end":{"line":5,"column":22}},"loc":{"start":{"line":6,"column":4},"end":{"line":15,"column":10}},"line":6}},"branchMap":{},"s":{"0":4,"1":2},"f":{"0":2},"b":{},"_coverageSchema":"332fd63041d2c1bcb487cc26dd0d5f7d97098a6c","hash":"58c484441f7723def41241d706bd840887c667e4"}
,"/home/rupalimishra/Documents/React/Newburger/src/components/Burger/BurgerIngredient/BurgerIngredient.js": {"path":"/home/rupalimishra/Documents/React/Newburger/src/components/Burger/BurgerIngredient/BurgerIngredient.js","statementMap":{"0":{"start":{"line":8,"column":25},"end":{"line":8,"column":29}},"1":{"start":{"line":10,"column":8},"end":{"line":36,"column":9}},"2":{"start":{"line":12,"column":16},"end":{"line":12,"column":73}},"3":{"start":{"line":13,"column":16},"end":{"line":13,"column":22}},"4":{"start":{"line":15,"column":16},"end":{"line":20,"column":18}},"5":{"start":{"line":21,"column":16},"end":{"line":21,"column":22}},"6":{"start":{"line":23,"column":16},"end":{"line":23,"column":66}},"7":{"start":{"line":24,"column":16},"end":{"line":24,"column":22}},"8":{"start":{"line":26,"column":16},"end":{"line":26,"column":68}},"9":{"start":{"line":27,"column":16},"end":{"line":27,"column":22}},"10":{"start":{"line":29,"column":16},"end":{"line":29,"column":67}},"11":{"start":{"line":30,"column":16},"end":{"line":30,"column":22}},"12":{"start":{"line":32,"column":16},"end":{"line":32,"column":67}},"13":{"start":{"line":33,"column":16},"end":{"line":33,"column":22}},"14":{"start":{"line":35,"column":16},"end":{"line":35,"column":34}},"15":{"start":{"line":38,"column":8},"end":{"line":38,"column":26}},"16":{"start":{"line":42,"column":0},"end":{"line":44,"column":2}}},"fnMap":{"0":{"name":"(anonymous_0)","decl":{"start":{"line":7,"column":4},"end":{"line":7,"column":5}},"loc":{"start":{"line":7,"column":14},"end":{"line":39,"column":5}},"line":7}},"branchMap":{"0":{"loc":{"start":{"line":10,"column":8},"end":{"line":36,"column":9}},"type":"switch","locations":[{"start":{"line":11,"column":12},"end":{"line":13,"column":22}},{"start":{"line":14,"column":12},"end":{"line":21,"column":22}},{"start":{"line":22,"column":12},"end":{"line":24,"column":22}},{"start":{"line":25,"column":12},"end":{"line":27,"column":22}},{"start":{"line":28,"column":12},"end":{"line":30,"column":22}},{"start":{"line":31,"column":12},"end":{"line":33,"column":22}},{"start":{"line":34,"column":12},"end":{"line":35,"column":34}}],"line":10}},"s":{"0":0,"1":0,"2":0,"3":0,"4":0,"5":0,"6":0,"7":0,"8":0,"9":0,"10":0,"11":0,"12":0,"13":0,"14":0,"15":0,"16":4},"f":{"0":0},"b":{"0":[0,0,0,0,0,0,0]},"_coverageSchema":"332fd63041d2c1bcb487cc26dd0d5f7d97098a6c","hash":"3ac344c1452af122c0381d25c23159b5841761b6"}
,"/home/rupalimishra/Documents/React/Newburger/src/components/Burger/OrderSummary/OrderSummary.js": {"path":"/home/rupalimishra/Documents/React/Newburger/src/components/Burger/OrderSummary/OrderSummary.js","statementMap":{"0":{"start":{"line":8,"column":8},"end":{"line":8,"column":49}},"1":{"start":{"line":12,"column":34},"end":{"line":18,"column":15}},"2":{"start":{"line":14,"column":16},"end":{"line":17,"column":28}},"3":{"start":{"line":20,"column":8},"end":{"line":32,"column":10}}},"fnMap":{"0":{"name":"(anonymous_0)","decl":{"start":{"line":7,"column":4},"end":{"line":7,"column":5}},"loc":{"start":{"line":7,"column":26},"end":{"line":9,"column":5}},"line":7},"1":{"name":"(anonymous_1)","decl":{"start":{"line":11,"column":4},"end":{"line":11,"column":5}},"loc":{"start":{"line":11,"column":14},"end":{"line":33,"column":5}},"line":11},"2":{"name":"(anonymous_2)","decl":{"start":{"line":13,"column":18},"end":{"line":13,"column":19}},"loc":{"start":{"line":13,"column":27},"end":{"line":18,"column":13}},"line":13}},"branchMap":{},"s":{"0":0,"1":1,"2":0,"3":0},"f":{"0":0,"1":1,"2":0},"b":{},"_coverageSchema":"332fd63041d2c1bcb487cc26dd0d5f7d97098a6c","hash":"386254dc7b1041ccf0600e2a011877c2dd2ba31f"}
,"/home/rupalimishra/Documents/React/Newburger/src/components/Logo/Logo.js": {"path":"/home/rupalimishra/Documents/React/Newburger/src/components/Logo/Logo.js","statementMap":{"0":{"start":{"line":5,"column":13},"end":{"line":9,"column":1}},"1":{"start":{"line":6,"column":4},"end":{"line":8,"column":10}}},"fnMap":{"0":{"name":"(anonymous_0)","decl":{"start":{"line":5,"column":13},"end":{"line":5,"column":14}},"loc":{"start":{"line":6,"column":4},"end":{"line":8,"column":10}},"line":6}},"branchMap":{},"s":{"0":3,"1":1},"f":{"0":1},"b":{},"_coverageSchema":"332fd63041d2c1bcb487cc26dd0d5f7d97098a6c","hash":"c1437bceb099fcdace56f054e27b83d3b419cdd1"}
,"/home/rupalimishra/Documents/React/Newburger/src/components/Navigation/NavigationItems/NavigationItems.js": {"path":"/home/rupalimishra/Documents/React/Newburger/src/components/Navigation/NavigationItems/NavigationItems.js","statementMap":{"0":{"start":{"line":8,"column":24},"end":{"line":16,"column":1}},"1":{"start":{"line":9,"column":4},"end":{"line":15,"column":9}}},"fnMap":{"0":{"name":"(anonymous_0)","decl":{"start":{"line":8,"column":24},"end":{"line":8,"column":25}},"loc":{"start":{"line":9,"column":4},"end":{"line":15,"column":9}},"line":9}},"branchMap":{"0":{"loc":{"start":{"line":11,"column":9},"end":{"line":11,"column":94}},"type":"cond-expr","locations":[{"start":{"line":11,"column":33},"end":{"line":11,"column":87}},{"start":{"line":11,"column":90},"end":{"line":11,"column":94}}],"line":11},"1":{"loc":{"start":{"line":12,"column":9},"end":{"line":14,"column":68}},"type":"cond-expr","locations":[{"start":{"line":13,"column":14},"end":{"line":13,"column":72}},{"start":{"line":14,"column":14},"end":{"line":14,"column":68}}],"line":12}},"s":{"0":3,"1":5},"f":{"0":5},"b":{"0":[2,3],"1":[3,2]},"_coverageSchema":"332fd63041d2c1bcb487cc26dd0d5f7d97098a6c","hash":"5f3355ed43a67394ae35541181363347325705c1"}
,"/home/rupalimishra/Documents/React/Newburger/src/components/Navigation/NavigationItems/NavigationItem/NavigationItem.js": {"path":"/home/rupalimishra/Documents/React/Newburger/src/components/Navigation/NavigationItems/NavigationItem/NavigationItem.js","statementMap":{"0":{"start":{"line":5,"column":23},"end":{"line":11,"column":1}},"1":{"start":{"line":6,"column":4},"end":{"line":10,"column":9}}},"fnMap":{"0":{"name":"(anonymous_0)","decl":{"start":{"line":5,"column":23},"end":{"line":5,"column":24}},"loc":{"start":{"line":6,"column":4},"end":{"line":10,"column":9}},"line":6}},"branchMap":{"0":{"loc":{"start":{"line":9,"column":23},"end":{"line":9,"column":59}},"type":"cond-expr","locations":[{"start":{"line":9,"column":38},"end":{"line":9,"column":52}},{"start":{"line":9,"column":55},"end":{"line":9,"column":59}}],"line":9}},"s":{"0":3,"1":0},"f":{"0":0},"b":{"0":[0,0]},"_coverageSchema":"332fd63041d2c1bcb487cc26dd0d5f7d97098a6c","hash":"9e625345280970f5bf98d24856c629a579eb9fbe"}
,"/home/rupalimishra/Documents/React/Newburger/src/components/Navigation/SideDrawer/SideDrawer.js": {"path":"/home/rupalimishra/Documents/React/Newburger/src/components/Navigation/SideDrawer/SideDrawer.js","statementMap":{"0":{"start":{"line":9,"column":19},"end":{"line":27,"column":1}},"1":{"start":{"line":10,"column":26},"end":{"line":10,"column":61}},"2":{"start":{"line":11,"column":4},"end":{"line":13,"column":5}},"3":{"start":{"line":12,"column":8},"end":{"line":12,"column":61}},"4":{"start":{"line":14,"column":4},"end":{"line":26,"column":6}}},"fnMap":{"0":{"name":"(anonymous_0)","decl":{"start":{"line":9,"column":19},"end":{"line":9,"column":20}},"loc":{"start":{"line":9,"column":32},"end":{"line":27,"column":1}},"line":9}},"branchMap":{"0":{"loc":{"start":{"line":11,"column":4},"end":{"line":13,"column":5}},"type":"if","locations":[{"start":{"line":11,"column":4},"end":{"line":13,"column":5}},{"start":{"line":11,"column":4},"end":{"line":13,"column":5}}],"line":11}},"s":{"0":2,"1":0,"2":0,"3":0,"4":0},"f":{"0":0},"b":{"0":[0,0]},"_coverageSchema":"332fd63041d2c1bcb487cc26dd0d5f7d97098a6c","hash":"83dcf2cd68f60ba54cf04632e8728687ef77295e"}
,"/home/rupalimishra/Documents/React/Newburger/src/components/Navigation/SideDrawer/DrawerToggle/DrawerToggle.js": {"path":"/home/rupalimishra/Documents/React/Newburger/src/components/Navigation/SideDrawer/DrawerToggle/DrawerToggle.js","statementMap":{"0":{"start":{"line":5,"column":21},"end":{"line":11,"column":1}},"1":{"start":{"line":6,"column":4},"end":{"line":10,"column":10}}},"fnMap":{"0":{"name":"(anonymous_0)","decl":{"start":{"line":5,"column":21},"end":{"line":5,"column":22}},"loc":{"start":{"line":6,"column":4},"end":{"line":10,"column":10}},"line":6}},"branchMap":{},"s":{"0":2,"1":0},"f":{"0":0},"b":{},"_coverageSchema":"332fd63041d2c1bcb487cc26dd0d5f7d97098a6c","hash":"3b390dedd13922f74b61e443eb03f14090a0aa58"}
,"/home/rupalimishra/Documents/React/Newburger/src/components/Navigation/Toolbar/Toolbar.js": {"path":"/home/rupalimishra/Documents/React/Newburger/src/components/Navigation/Toolbar/Toolbar.js","statementMap":{"0":{"start":{"line":8,"column":16},"end":{"line":18,"column":1}},"1":{"start":{"line":9,"column":4},"end":{"line":17,"column":13}}},"fnMap":{"0":{"name":"(anonymous_0)","decl":{"start":{"line":8,"column":16},"end":{"line":8,"column":17}},"loc":{"start":{"line":9,"column":4},"end":{"line":17,"column":13}},"line":9}},"branchMap":{},"s":{"0":2,"1":0},"f":{"0":0},"b":{},"_coverageSchema":"332fd63041d2c1bcb487cc26dd0d5f7d97098a6c","hash":"7125237bb3c3ce475fd995fec75350b17b2bde0a"}
,"/home/rupalimishra/Documents/React/Newburger/src/components/UI/Backdrop/Backdrop.js": {"path":"/home/rupalimishra/Documents/React/Newburger/src/components/UI/Backdrop/Backdrop.js","statementMap":{"0":{"start":{"line":5,"column":17},"end":{"line":7,"column":1}},"1":{"start":{"line":6,"column":4},"end":{"line":6,"column":88}}},"fnMap":{"0":{"name":"(anonymous_0)","decl":{"start":{"line":5,"column":17},"end":{"line":5,"column":18}},"loc":{"start":{"line":6,"column":4},"end":{"line":6,"column":88}},"line":6}},"branchMap":{"0":{"loc":{"start":{"line":6,"column":4},"end":{"line":6,"column":88}},"type":"cond-expr","locations":[{"start":{"line":6,"column":17},"end":{"line":6,"column":81}},{"start":{"line":6,"column":84},"end":{"line":6,"column":88}}],"line":6}},"s":{"0":4,"1":0},"f":{"0":0},"b":{"0":[0,0]},"_coverageSchema":"332fd63041d2c1bcb487cc26dd0d5f7d97098a6c","hash":"ba6989460450c57eaef5778a56197d0787fddd16"}
,"/home/rupalimishra/Documents/React/Newburger/src/components/UI/Button/Button.js": {"path":"/home/rupalimishra/Documents/React/Newburger/src/components/UI/Button/Button.js","statementMap":{"0":{"start":{"line":5,"column":15},"end":{"line":9,"column":1}},"1":{"start":{"line":6,"column":4},"end":{"line":8,"column":57}}},"fnMap":{"0":{"name":"(anonymous_0)","decl":{"start":{"line":5,"column":15},"end":{"line":5,"column":16}},"loc":{"start":{"line":6,"column":4},"end":{"line":8,"column":57}},"line":6}},"branchMap":{},"s":{"0":3,"1":0},"f":{"0":0},"b":{},"_coverageSchema":"332fd63041d2c1bcb487cc26dd0d5f7d97098a6c","hash":"82278a642c24fcdf8ed32f2f94d46b36954f3af6"}
,"/home/rupalimishra/Documents/React/Newburger/src/components/UI/Modal/Modal.js": {"path":"/home/rupalimishra/Documents/React/Newburger/src/components/UI/Modal/Modal.js","statementMap":{"0":{"start":{"line":10,"column":8},"end":{"line":10,"column":96}},"1":{"start":{"line":14,"column":8},"end":{"line":14,"column":42}},"2":{"start":{"line":18,"column":8},"end":{"line":30,"column":9}}},"fnMap":{"0":{"name":"(anonymous_0)","decl":{"start":{"line":9,"column":4},"end":{"line":9,"column":5}},"loc":{"start":{"line":9,"column":51},"end":{"line":11,"column":5}},"line":9},"1":{"name":"(anonymous_1)","decl":{"start":{"line":13,"column":4},"end":{"line":13,"column":5}},"loc":{"start":{"line":13,"column":27},"end":{"line":15,"column":5}},"line":13},"2":{"name":"(anonymous_2)","decl":{"start":{"line":17,"column":4},"end":{"line":17,"column":5}},"loc":{"start":{"line":17,"column":14},"end":{"line":31,"column":5}},"line":17}},"branchMap":{"0":{"loc":{"start":{"line":10,"column":15},"end":{"line":10,"column":95}},"type":"binary-expr","locations":[{"start":{"line":10,"column":15},"end":{"line":10,"column":49}},{"start":{"line":10,"column":53},"end":{"line":10,"column":95}}],"line":10},"1":{"loc":{"start":{"line":24,"column":35},"end":{"line":24,"column":91}},"type":"cond-expr","locations":[{"start":{"line":24,"column":53},"end":{"line":24,"column":68}},{"start":{"line":24,"column":71},"end":{"line":24,"column":91}}],"line":24},"2":{"loc":{"start":{"line":25,"column":33},"end":{"line":25,"column":60}},"type":"cond-expr","locations":[{"start":{"line":25,"column":51},"end":{"line":25,"column":54}},{"start":{"line":25,"column":57},"end":{"line":25,"column":60}}],"line":25}},"s":{"0":0,"1":0,"2":0},"f":{"0":0,"1":0,"2":0},"b":{"0":[0,0],"1":[0,0],"2":[0,0]},"_coverageSchema":"332fd63041d2c1bcb487cc26dd0d5f7d97098a6c","hash":"fc2b051e42135d5bda004c23a452f8e3ed7e8a9d"}
,"/home/rupalimishra/Documents/React/Newburger/src/components/UI/Spinner/Spinner.js": {"path":"/home/rupalimishra/Documents/React/Newburger/src/components/UI/Spinner/Spinner.js","statementMap":{"0":{"start":{"line":5,"column":16},"end":{"line":7,"column":1}},"1":{"start":{"line":6,"column":4},"end":{"line":6,"column":44}}},"fnMap":{"0":{"name":"(anonymous_0)","decl":{"start":{"line":5,"column":16},"end":{"line":5,"column":17}},"loc":{"start":{"line":6,"column":4},"end":{"line":6,"column":44}},"line":6}},"branchMap":{},"s":{"0":3,"1":1},"f":{"0":1},"b":{},"_coverageSchema":"332fd63041d2c1bcb487cc26dd0d5f7d97098a6c","hash":"7b9a6c48397c9d83117b278c51afca74347da86a"}
,"/home/rupalimishra/Documents/React/Newburger/src/containers/Auth/Auth.js": {"path":"/home/rupalimishra/Documents/React/Newburger/src/containers/Auth/Auth.js","statementMap":{"0":{"start":{"line":1,"column":13},"end":{"line":1,"column":75}},"1":{"start":{"line":1,"column":94},"end":{"line":1,"column":168}},"2":{"start":{"line":1,"column":182},"end":{"line":1,"column":198}},"3":{"start":{"line":1,"column":213},"end":{"line":1,"column":243}},"4":{"start":{"line":2,"column":18},"end":{"line":2,"column":40}},"5":{"start":{"line":3,"column":22},"end":{"line":3,"column":49}},"6":{"start":{"line":5,"column":13},"end":{"line":5,"column":55}},"7":{"start":{"line":5,"column":70},"end":{"line":5,"column":100}},"8":{"start":{"line":6,"column":14},"end":{"line":6,"column":58}},"9":{"start":{"line":6,"column":74},"end":{"line":6,"column":105}},"10":{"start":{"line":7,"column":15},"end":{"line":7,"column":61}},"11":{"start":{"line":7,"column":78},"end":{"line":7,"column":110}},"12":{"start":{"line":8,"column":12},"end":{"line":8,"column":33}},"13":{"start":{"line":8,"column":47},"end":{"line":8,"column":76}},"14":{"start":{"line":9,"column":13},"end":{"line":9,"column":49}},"15":{"start":{"line":9,"column":64},"end":{"line":9,"column":95}},"16":{"start":{"line":10,"column":15},"end":{"line":10,"column":46}},"17":{"start":{"line":10,"column":86},"end":{"line":10,"column":302}},"18":{"start":{"line":10,"column":114},"end":{"line":10,"column":125}},"19":{"start":{"line":10,"column":146},"end":{"line":10,"column":148}},"20":{"start":{"line":10,"column":149},"end":{"line":10,"column":266}},"21":{"start":{"line":10,"column":167},"end":{"line":10,"column":265}},"22":{"start":{"line":10,"column":189},"end":{"line":10,"column":264}},"23":{"start":{"line":10,"column":241},"end":{"line":10,"column":264}},"24":{"start":{"line":10,"column":266},"end":{"line":10,"column":287}},"25":{"start":{"line":10,"column":287},"end":{"line":10,"column":301}},"26":{"start":{"line":10,"column":341},"end":{"line":10,"column":395}},"27":{"start":{"line":12,"column":69},"end":{"line":73,"column":17}},"28":{"start":{"line":54,"column":36},"end":{"line":58,"column":39}},"29":{"start":{"line":61,"column":12},"end":{"line":61,"column":57}},"30":{"start":{"line":65,"column":12},"end":{"line":65,"column":35}},"31":{"start":{"line":66,"column":12},"end":{"line":66,"column":120}},"32":{"start":{"line":70,"column":12},"end":{"line":72,"column":15}},"33":{"start":{"line":71,"column":16},"end":{"line":71,"column":57}},"34":{"start":{"line":73,"column":39},"end":{"line":73,"column":147}},"35":{"start":{"line":73,"column":111},"end":{"line":73,"column":146}},"36":{"start":{"line":76,"column":34},"end":{"line":76,"column":36}},"37":{"start":{"line":77,"column":8},"end":{"line":82,"column":9}},"38":{"start":{"line":78,"column":12},"end":{"line":80,"column":52}},"39":{"start":{"line":84,"column":19},"end":{"line":93,"column":149}},"40":{"start":{"line":85,"column":8},"end":{"line":93,"column":148}},"41":{"start":{"line":93,"column":30},"end":{"line":93,"column":77}},"42":{"start":{"line":96,"column":8},"end":{"line":98,"column":9}},"43":{"start":{"line":97,"column":12},"end":{"line":97,"column":140}},"44":{"start":{"line":100,"column":27},"end":{"line":100,"column":31}},"45":{"start":{"line":102,"column":8},"end":{"line":106,"column":9}},"46":{"start":{"line":103,"column":12},"end":{"line":104,"column":146}},"47":{"start":{"line":108,"column":27},"end":{"line":108,"column":31}},"48":{"start":{"line":109,"column":8},"end":{"line":111,"column":9}},"49":{"start":{"line":110,"column":12},"end":{"line":110,"column":189}},"50":{"start":{"line":113,"column":8},"end":{"line":123,"column":173}},"51":{"start":{"line":129,"column":24},"end":{"line":137,"column":1}},"52":{"start":{"line":130,"column":4},"end":{"line":135,"column":56}},"53":{"start":{"line":139,"column":27},"end":{"line":144,"column":1}},"54":{"start":{"line":140,"column":4},"end":{"line":142,"column":82}},"55":{"start":{"line":141,"column":47},"end":{"line":141,"column":96}},"56":{"start":{"line":142,"column":37},"end":{"line":142,"column":79}},"57":{"start":{"line":144,"column":2},"end":{"line":146,"column":68}}},"fnMap":{"0":{"name":"_interopRequireWildcard","decl":{"start":{"line":10,"column":56},"end":{"line":10,"column":79}},"loc":{"start":{"line":10,"column":85},"end":{"line":10,"column":303}},"line":10},"1":{"name":"_interopRequireDefault","decl":{"start":{"line":10,"column":312},"end":{"line":10,"column":334}},"loc":{"start":{"line":10,"column":340},"end":{"line":10,"column":396}},"line":10},"2":{"name":"(anonymous_2)","decl":{"start":{"line":12,"column":37},"end":{"line":12,"column":38}},"loc":{"start":{"line":12,"column":58},"end":{"line":73,"column":18}},"line":12},"3":{"name":"(anonymous_3)","decl":{"start":{"line":53,"column":30},"end":{"line":53,"column":31}},"loc":{"start":{"line":53,"column":54},"end":{"line":62,"column":9}},"line":53},"4":{"name":"(anonymous_4)","decl":{"start":{"line":64,"column":24},"end":{"line":64,"column":25}},"loc":{"start":{"line":64,"column":33},"end":{"line":67,"column":9}},"line":64},"5":{"name":"(anonymous_5)","decl":{"start":{"line":69,"column":32},"end":{"line":69,"column":33}},"loc":{"start":{"line":69,"column":38},"end":{"line":73,"column":9}},"line":69},"6":{"name":"(anonymous_6)","decl":{"start":{"line":70,"column":26},"end":{"line":70,"column":27}},"loc":{"start":{"line":70,"column":39},"end":{"line":72,"column":13}},"line":70},"7":{"name":"(anonymous_7)","decl":{"start":{"line":73,"column":18},"end":{"line":73,"column":19}},"loc":{"start":{"line":73,"column":38},"end":{"line":73,"column":148}},"line":73},"8":{"name":"(anonymous_8)","decl":{"start":{"line":75,"column":4},"end":{"line":75,"column":5}},"loc":{"start":{"line":75,"column":13},"end":{"line":126,"column":5}},"line":75},"9":{"name":"(anonymous_9)","decl":{"start":{"line":84,"column":41},"end":{"line":84,"column":42}},"loc":{"start":{"line":85,"column":8},"end":{"line":93,"column":148}},"line":85},"10":{"name":"(anonymous_10)","decl":{"start":{"line":93,"column":21},"end":{"line":93,"column":22}},"loc":{"start":{"line":93,"column":30},"end":{"line":93,"column":77}},"line":93},"11":{"name":"(anonymous_11)","decl":{"start":{"line":129,"column":24},"end":{"line":129,"column":25}},"loc":{"start":{"line":129,"column":33},"end":{"line":137,"column":1}},"line":129},"12":{"name":"(anonymous_12)","decl":{"start":{"line":139,"column":27},"end":{"line":139,"column":28}},"loc":{"start":{"line":139,"column":39},"end":{"line":144,"column":1}},"line":139},"13":{"name":"(anonymous_13)","decl":{"start":{"line":141,"column":16},"end":{"line":141,"column":17}},"loc":{"start":{"line":141,"column":47},"end":{"line":141,"column":96}},"line":141},"14":{"name":"(anonymous_14)","decl":{"start":{"line":142,"column":31},"end":{"line":142,"column":32}},"loc":{"start":{"line":142,"column":37},"end":{"line":142,"column":79}},"line":142}},"branchMap":{"0":{"loc":{"start":{"line":10,"column":86},"end":{"line":10,"column":302}},"type":"if","locations":[{"start":{"line":10,"column":86},"end":{"line":10,"column":302}},{"start":{"line":10,"column":86},"end":{"line":10,"column":302}}],"line":10},"1":{"loc":{"start":{"line":10,"column":90},"end":{"line":10,"column":111}},"type":"binary-expr","locations":[{"start":{"line":10,"column":90},"end":{"line":10,"column":93}},{"start":{"line":10,"column":97},"end":{"line":10,"column":111}}],"line":10},"2":{"loc":{"start":{"line":10,"column":149},"end":{"line":10,"column":266}},"type":"if","locations":[{"start":{"line":10,"column":149},"end":{"line":10,"column":266}},{"start":{"line":10,"column":149},"end":{"line":10,"column":266}}],"line":10},"3":{"loc":{"start":{"line":10,"column":189},"end":{"line":10,"column":264}},"type":"if","locations":[{"start":{"line":10,"column":189},"end":{"line":10,"column":264}},{"start":{"line":10,"column":189},"end":{"line":10,"column":264}}],"line":10},"4":{"loc":{"start":{"line":10,"column":348},"end":{"line":10,"column":394}},"type":"cond-expr","locations":[{"start":{"line":10,"column":372},"end":{"line":10,"column":375}},{"start":{"line":10,"column":378},"end":{"line":10,"column":394}}],"line":10},"5":{"loc":{"start":{"line":10,"column":348},"end":{"line":10,"column":369}},"type":"binary-expr","locations":[{"start":{"line":10,"column":348},"end":{"line":10,"column":351}},{"start":{"line":10,"column":355},"end":{"line":10,"column":369}}],"line":10},"6":{"loc":{"start":{"line":73,"column":39},"end":{"line":73,"column":147}},"type":"if","locations":[{"start":{"line":73,"column":39},"end":{"line":73,"column":147}},{"start":{"line":73,"column":39},"end":{"line":73,"column":147}}],"line":73},"7":{"loc":{"start":{"line":73,"column":43},"end":{"line":73,"column":108}},"type":"binary-expr","locations":[{"start":{"line":73,"column":43},"end":{"line":73,"column":69}},{"start":{"line":73,"column":73},"end":{"line":73,"column":108}}],"line":73},"8":{"loc":{"start":{"line":96,"column":8},"end":{"line":98,"column":9}},"type":"if","locations":[{"start":{"line":96,"column":8},"end":{"line":98,"column":9}},{"start":{"line":96,"column":8},"end":{"line":98,"column":9}}],"line":96},"9":{"loc":{"start":{"line":102,"column":8},"end":{"line":106,"column":9}},"type":"if","locations":[{"start":{"line":102,"column":8},"end":{"line":106,"column":9}},{"start":{"line":102,"column":8},"end":{"line":106,"column":9}}],"line":102},"10":{"loc":{"start":{"line":109,"column":8},"end":{"line":111,"column":9}},"type":"if","locations":[{"start":{"line":109,"column":8},"end":{"line":111,"column":9}},{"start":{"line":109,"column":8},"end":{"line":111,"column":9}}],"line":109},"11":{"loc":{"start":{"line":123,"column":128},"end":{"line":123,"column":169}},"type":"cond-expr","locations":[{"start":{"line":123,"column":150},"end":{"line":123,"column":158}},{"start":{"line":123,"column":161},"end":{"line":123,"column":169}}],"line":123}},"s":{"0":0,"1":0,"2":0,"3":0,"4":0,"5":0,"6":0,"7":0,"8":0,"9":0,"10":0,"11":0,"12":0,"13":0,"14":0,"15":0,"16":0,"17":0,"18":0,"19":0,"20":0,"21":0,"22":0,"23":0,"24":0,"25":0,"26":0,"27":0,"28":0,"29":0,"30":0,"31":0,"32":0,"33":0,"34":0,"35":0,"36":0,"37":0,"38":0,"39":0,"40":0,"41":0,"42":0,"43":0,"44":0,"45":0,"46":0,"47":0,"48":0,"49":0,"50":0,"51":0,"52":0,"53":0,"54":0,"55":0,"56":0,"57":0},"f":{"0":0,"1":0,"2":0,"3":0,"4":0,"5":0,"6":0,"7":0,"8":0,"9":0,"10":0,"11":0,"12":0,"13":0,"14":0},"b":{"0":[0,0],"1":[0,0],"2":[0,0],"3":[0,0],"4":[0,0],"5":[0,0],"6":[0,0],"7":[0,0],"8":[0,0],"9":[0,0],"10":[0,0],"11":[0,0]}}
,"/home/rupalimishra/Documents/React/Newburger/src/containers/Auth/Logout/Logout.js": {"path":"/home/rupalimishra/Documents/React/Newburger/src/containers/Auth/Logout/Logout.js","statementMap":{"0":{"start":{"line":1,"column":13},"end":{"line":1,"column":75}},"1":{"start":{"line":1,"column":94},"end":{"line":1,"column":177}},"2":{"start":{"line":1,"column":191},"end":{"line":1,"column":207}},"3":{"start":{"line":1,"column":222},"end":{"line":1,"column":252}},"4":{"start":{"line":2,"column":22},"end":{"line":2,"column":49}},"5":{"start":{"line":3,"column":18},"end":{"line":3,"column":40}},"6":{"start":{"line":5,"column":13},"end":{"line":5,"column":52}},"7":{"start":{"line":5,"column":67},"end":{"line":5,"column":98}},"8":{"start":{"line":5,"column":138},"end":{"line":5,"column":354}},"9":{"start":{"line":5,"column":166},"end":{"line":5,"column":177}},"10":{"start":{"line":5,"column":198},"end":{"line":5,"column":200}},"11":{"start":{"line":5,"column":201},"end":{"line":5,"column":318}},"12":{"start":{"line":5,"column":219},"end":{"line":5,"column":317}},"13":{"start":{"line":5,"column":241},"end":{"line":5,"column":316}},"14":{"start":{"line":5,"column":293},"end":{"line":5,"column":316}},"15":{"start":{"line":5,"column":318},"end":{"line":5,"column":339}},"16":{"start":{"line":5,"column":339},"end":{"line":5,"column":353}},"17":{"start":{"line":5,"column":393},"end":{"line":5,"column":447}},"18":{"start":{"line":9,"column":8},"end":{"line":9,"column":30}},"19":{"start":{"line":13,"column":8},"end":{"line":13,"column":152}},"20":{"start":{"line":17,"column":27},"end":{"line":21,"column":1}},"21":{"start":{"line":18,"column":4},"end":{"line":19,"column":53}},"22":{"start":{"line":19,"column":24},"end":{"line":19,"column":50}},"23":{"start":{"line":21,"column":2},"end":{"line":23,"column":59}}},"fnMap":{"0":{"name":"_interopRequireWildcard","decl":{"start":{"line":5,"column":108},"end":{"line":5,"column":131}},"loc":{"start":{"line":5,"column":137},"end":{"line":5,"column":355}},"line":5},"1":{"name":"_interopRequireDefault","decl":{"start":{"line":5,"column":364},"end":{"line":5,"column":386}},"loc":{"start":{"line":5,"column":392},"end":{"line":5,"column":448}},"line":5},"2":{"name":"(anonymous_2)","decl":{"start":{"line":8,"column":4},"end":{"line":8,"column":5}},"loc":{"start":{"line":8,"column":24},"end":{"line":10,"column":5}},"line":8},"3":{"name":"(anonymous_3)","decl":{"start":{"line":12,"column":4},"end":{"line":12,"column":5}},"loc":{"start":{"line":12,"column":13},"end":{"line":14,"column":5}},"line":12},"4":{"name":"(anonymous_4)","decl":{"start":{"line":17,"column":27},"end":{"line":17,"column":28}},"loc":{"start":{"line":17,"column":39},"end":{"line":21,"column":1}},"line":17},"5":{"name":"(anonymous_5)","decl":{"start":{"line":19,"column":18},"end":{"line":19,"column":19}},"loc":{"start":{"line":19,"column":24},"end":{"line":19,"column":50}},"line":19}},"branchMap":{"0":{"loc":{"start":{"line":5,"column":138},"end":{"line":5,"column":354}},"type":"if","locations":[{"start":{"line":5,"column":138},"end":{"line":5,"column":354}},{"start":{"line":5,"column":138},"end":{"line":5,"column":354}}],"line":5},"1":{"loc":{"start":{"line":5,"column":142},"end":{"line":5,"column":163}},"type":"binary-expr","locations":[{"start":{"line":5,"column":142},"end":{"line":5,"column":145}},{"start":{"line":5,"column":149},"end":{"line":5,"column":163}}],"line":5},"2":{"loc":{"start":{"line":5,"column":201},"end":{"line":5,"column":318}},"type":"if","locations":[{"start":{"line":5,"column":201},"end":{"line":5,"column":318}},{"start":{"line":5,"column":201},"end":{"line":5,"column":318}}],"line":5},"3":{"loc":{"start":{"line":5,"column":241},"end":{"line":5,"column":316}},"type":"if","locations":[{"start":{"line":5,"column":241},"end":{"line":5,"column":316}},{"start":{"line":5,"column":241},"end":{"line":5,"column":316}}],"line":5},"4":{"loc":{"start":{"line":5,"column":400},"end":{"line":5,"column":446}},"type":"cond-expr","locations":[{"start":{"line":5,"column":424},"end":{"line":5,"column":427}},{"start":{"line":5,"column":430},"end":{"line":5,"column":446}}],"line":5},"5":{"loc":{"start":{"line":5,"column":400},"end":{"line":5,"column":421}},"type":"binary-expr","locations":[{"start":{"line":5,"column":400},"end":{"line":5,"column":403}},{"start":{"line":5,"column":407},"end":{"line":5,"column":421}}],"line":5}},"s":{"0":0,"1":0,"2":0,"3":0,"4":0,"5":0,"6":0,"7":0,"8":0,"9":0,"10":0,"11":0,"12":0,"13":0,"14":0,"15":0,"16":0,"17":0,"18":0,"19":0,"20":0,"21":0,"22":0,"23":0},"f":{"0":0,"1":0,"2":0,"3":0,"4":0,"5":0},"b":{"0":[0,0],"1":[0,0],"2":[0,0],"3":[0,0],"4":[0,0],"5":[0,0]}}
,"/home/rupalimishra/Documents/React/Newburger/src/containers/BurgerBuilder/BurgerBuilder.js": {"path":"/home/rupalimishra/Documents/React/Newburger/src/containers/BurgerBuilder/BurgerBuilder.js","statementMap":{"0":{"start":{"line":11,"column":26},"end":{"line":16,"column":1}},"1":{"start":{"line":27,"column":5},"end":{"line":30,"column":8}},"2":{"start":{"line":29,"column":7},"end":{"line":29,"column":51}},"3":{"start":{"line":33,"column":20},"end":{"line":39,"column":18}},"4":{"start":{"line":35,"column":16},"end":{"line":35,"column":42}},"5":{"start":{"line":38,"column":16},"end":{"line":38,"column":32}},"6":{"start":{"line":40,"column":8},"end":{"line":40,"column":50}},"7":{"start":{"line":44,"column":25},"end":{"line":44,"column":53}},"8":{"start":{"line":45,"column":29},"end":{"line":45,"column":41}},"9":{"start":{"line":46,"column":35},"end":{"line":48,"column":9}},"10":{"start":{"line":49,"column":8},"end":{"line":49,"column":48}},"11":{"start":{"line":50,"column":30},"end":{"line":50,"column":53}},"12":{"start":{"line":51,"column":25},"end":{"line":51,"column":46}},"13":{"start":{"line":52,"column":25},"end":{"line":52,"column":49}},"14":{"start":{"line":53,"column":8},"end":{"line":53,"column":83}},"15":{"start":{"line":54,"column":8},"end":{"line":54,"column":55}},"16":{"start":{"line":58,"column":25},"end":{"line":58,"column":53}},"17":{"start":{"line":59,"column":8},"end":{"line":61,"column":9}},"18":{"start":{"line":60,"column":12},"end":{"line":60,"column":19}},"19":{"start":{"line":62,"column":29},"end":{"line":62,"column":41}},"20":{"start":{"line":63,"column":35},"end":{"line":65,"column":9}},"21":{"start":{"line":66,"column":8},"end":{"line":66,"column":48}},"22":{"start":{"line":67,"column":31},"end":{"line":67,"column":54}},"23":{"start":{"line":68,"column":25},"end":{"line":68,"column":46}},"24":{"start":{"line":69,"column":25},"end":{"line":69,"column":50}},"25":{"start":{"line":70,"column":8},"end":{"line":70,"column":83}},"26":{"start":{"line":71,"column":8},"end":{"line":71,"column":55}},"27":{"start":{"line":75,"column":8},"end":{"line":75,"column":46}},"28":{"start":{"line":79,"column":8},"end":{"line":79,"column":47}},"29":{"start":{"line":83,"column":8},"end":{"line":83,"column":43}},"30":{"start":{"line":84,"column":22},"end":{"line":96,"column":9}},"31":{"start":{"line":97,"column":8},"end":{"line":104,"column":16}},"32":{"start":{"line":99,"column":16},"end":{"line":99,"column":37}},"33":{"start":{"line":103,"column":16},"end":{"line":103,"column":37}},"34":{"start":{"line":108,"column":29},"end":{"line":110,"column":9}},"35":{"start":{"line":111,"column":8},"end":{"line":113,"column":9}},"36":{"start":{"line":112,"column":12},"end":{"line":112,"column":54}},"37":{"start":{"line":114,"column":27},"end":{"line":114,"column":31}},"38":{"start":{"line":115,"column":21},"end":{"line":115,"column":89}},"39":{"start":{"line":117,"column":8},"end":{"line":135,"column":9}},"40":{"start":{"line":118,"column":12},"end":{"line":129,"column":14}},"41":{"start":{"line":130,"column":12},"end":{"line":134,"column":68}},"42":{"start":{"line":136,"column":8},"end":{"line":138,"column":9}},"43":{"start":{"line":137,"column":12},"end":{"line":137,"column":39}},"44":{"start":{"line":139,"column":8},"end":{"line":146,"column":10}}},"fnMap":{"0":{"name":"(anonymous_0)","decl":{"start":{"line":26,"column":1},"end":{"line":26,"column":2}},"loc":{"start":{"line":26,"column":22},"end":{"line":31,"column":2}},"line":26},"1":{"name":"(anonymous_1)","decl":{"start":{"line":28,"column":11},"end":{"line":28,"column":12}},"loc":{"start":{"line":28,"column":23},"end":{"line":30,"column":6}},"line":28},"2":{"name":"(anonymous_2)","decl":{"start":{"line":32,"column":4},"end":{"line":32,"column":5}},"loc":{"start":{"line":32,"column":40},"end":{"line":41,"column":5}},"line":32},"3":{"name":"(anonymous_3)","decl":{"start":{"line":34,"column":18},"end":{"line":34,"column":19}},"loc":{"start":{"line":34,"column":27},"end":{"line":36,"column":13}},"line":34},"4":{"name":"(anonymous_4)","decl":{"start":{"line":37,"column":21},"end":{"line":37,"column":22}},"loc":{"start":{"line":37,"column":36},"end":{"line":39,"column":13}},"line":37},"5":{"name":"(anonymous_5)","decl":{"start":{"line":43,"column":27},"end":{"line":43,"column":28}},"loc":{"start":{"line":43,"column":39},"end":{"line":55,"column":5}},"line":43},"6":{"name":"(anonymous_6)","decl":{"start":{"line":57,"column":30},"end":{"line":57,"column":31}},"loc":{"start":{"line":57,"column":42},"end":{"line":72,"column":5}},"line":57},"7":{"name":"(anonymous_7)","decl":{"start":{"line":74,"column":22},"end":{"line":74,"column":23}},"loc":{"start":{"line":74,"column":28},"end":{"line":76,"column":5}},"line":74},"8":{"name":"(anonymous_8)","decl":{"start":{"line":78,"column":28},"end":{"line":78,"column":29}},"loc":{"start":{"line":78,"column":34},"end":{"line":80,"column":5}},"line":78},"9":{"name":"(anonymous_9)","decl":{"start":{"line":82,"column":30},"end":{"line":82,"column":31}},"loc":{"start":{"line":82,"column":36},"end":{"line":105,"column":5}},"line":82},"10":{"name":"(anonymous_10)","decl":{"start":{"line":98,"column":19},"end":{"line":98,"column":20}},"loc":{"start":{"line":98,"column":31},"end":{"line":100,"column":13}},"line":98},"11":{"name":"(anonymous_11)","decl":{"start":{"line":101,"column":20},"end":{"line":101,"column":21}},"loc":{"start":{"line":101,"column":29},"end":{"line":104,"column":13}},"line":101},"12":{"name":"(anonymous_12)","decl":{"start":{"line":107,"column":4},"end":{"line":107,"column":5}},"loc":{"start":{"line":107,"column":14},"end":{"line":147,"column":5}},"line":107}},"branchMap":{"0":{"loc":{"start":{"line":59,"column":8},"end":{"line":61,"column":9}},"type":"if","locations":[{"start":{"line":59,"column":8},"end":{"line":61,"column":9}},{"start":{"line":59,"column":8},"end":{"line":61,"column":9}}],"line":59},"1":{"loc":{"start":{"line":115,"column":21},"end":{"line":115,"column":89}},"type":"cond-expr","locations":[{"start":{"line":115,"column":40},"end":{"line":115,"column":75}},{"start":{"line":115,"column":78},"end":{"line":115,"column":89}}],"line":115},"2":{"loc":{"start":{"line":117,"column":8},"end":{"line":135,"column":9}},"type":"if","locations":[{"start":{"line":117,"column":8},"end":{"line":135,"column":9}},{"start":{"line":117,"column":8},"end":{"line":135,"column":9}}],"line":117},"3":{"loc":{"start":{"line":136,"column":8},"end":{"line":138,"column":9}},"type":"if","locations":[{"start":{"line":136,"column":8},"end":{"line":138,"column":9}},{"start":{"line":136,"column":8},"end":{"line":138,"column":9}}],"line":136}},"s":{"0":2,"1":0,"2":0,"3":0,"4":0,"5":0,"6":0,"7":0,"8":0,"9":0,"10":0,"11":0,"12":0,"13":0,"14":0,"15":0,"16":0,"17":0,"18":0,"19":0,"20":0,"21":0,"22":0,"23":0,"24":0,"25":0,"26":0,"27":0,"28":0,"29":0,"30":0,"31":0,"32":0,"33":0,"34":0,"35":0,"36":0,"37":0,"38":0,"39":0,"40":0,"41":0,"42":0,"43":0,"44":0},"f":{"0":0,"1":0,"2":0,"3":0,"4":0,"5":0,"6":0,"7":0,"8":0,"9":0,"10":0,"11":0,"12":0},"b":{"0":[0,0],"1":[0,0],"2":[0,0],"3":[0,0]},"_coverageSchema":"332fd63041d2c1bcb487cc26dd0d5f7d97098a6c","hash":"82fae01a30be73e92ac6204e202cef1c39523f42"}
,"/home/rupalimishra/Documents/React/Newburger/src/hoc/Aux/Aux.js": {"path":"/home/rupalimishra/Documents/React/Newburger/src/hoc/Aux/Aux.js","statementMap":{"0":{"start":{"line":1,"column":12},"end":{"line":1,"column":37}},"1":{"start":{"line":1,"column":23},"end":{"line":1,"column":37}}},"fnMap":{"0":{"name":"(anonymous_0)","decl":{"start":{"line":1,"column":12},"end":{"line":1,"column":13}},"loc":{"start":{"line":1,"column":23},"end":{"line":1,"column":37}},"line":1}},"branchMap":{},"s":{"0":5,"1":0},"f":{"0":0},"b":{},"_coverageSchema":"332fd63041d2c1bcb487cc26dd0d5f7d97098a6c","hash":"fb06c98ce410a44ba86e6538b5124cf3b19a1ba0"}
,"/home/rupalimishra/Documents/React/Newburger/src/hoc/Layout/Layout.js": {"path":"/home/rupalimishra/Documents/React/Newburger/src/hoc/Layout/Layout.js","statementMap":{"0":{"start":{"line":14,"column":8},"end":{"line":14,"column":51}},"1":{"start":{"line":18,"column":8},"end":{"line":20,"column":12}},"2":{"start":{"line":19,"column":12},"end":{"line":19,"column":65}},"3":{"start":{"line":24,"column":8},"end":{"line":34,"column":9}}},"fnMap":{"0":{"name":"(anonymous_0)","decl":{"start":{"line":13,"column":30},"end":{"line":13,"column":31}},"loc":{"start":{"line":13,"column":36},"end":{"line":15,"column":5}},"line":13},"1":{"name":"(anonymous_1)","decl":{"start":{"line":17,"column":30},"end":{"line":17,"column":31}},"loc":{"start":{"line":17,"column":36},"end":{"line":21,"column":5}},"line":17},"2":{"name":"(anonymous_2)","decl":{"start":{"line":18,"column":23},"end":{"line":18,"column":24}},"loc":{"start":{"line":18,"column":40},"end":{"line":20,"column":9}},"line":18},"3":{"name":"(anonymous_3)","decl":{"start":{"line":23,"column":4},"end":{"line":23,"column":5}},"loc":{"start":{"line":23,"column":14},"end":{"line":35,"column":5}},"line":23}},"branchMap":{},"s":{"0":0,"1":0,"2":0,"3":0},"f":{"0":0,"1":0,"2":0,"3":0},"b":{},"_coverageSchema":"332fd63041d2c1bcb487cc26dd0d5f7d97098a6c","hash":"bb81bc7886f0851fc0bac4cd74b2cc8d97717635"}
,"/home/rupalimishra/Documents/React/Newburger/src/hoc/WithErrorHandler.js/WithErrorHandler.js": {"path":"/home/rupalimishra/Documents/React/Newburger/src/hoc/WithErrorHandler.js/WithErrorHandler.js","statementMap":{"0":{"start":{"line":6,"column":25},"end":{"line":44,"column":1}},"1":{"start":{"line":7,"column":4},"end":{"line":43,"column":5}},"2":{"start":{"line":13,"column":12},"end":{"line":16,"column":16}},"3":{"start":{"line":14,"column":16},"end":{"line":14,"column":49}},"4":{"start":{"line":15,"column":16},"end":{"line":15,"column":27}},"5":{"start":{"line":17,"column":12},"end":{"line":19,"column":16}},"6":{"start":{"line":17,"column":74},"end":{"line":17,"column":77}},"7":{"start":{"line":18,"column":16},"end":{"line":18,"column":50}},"8":{"start":{"line":23,"column":12},"end":{"line":23,"column":68}},"9":{"start":{"line":24,"column":12},"end":{"line":24,"column":69}},"10":{"start":{"line":28,"column":12},"end":{"line":28,"column":45}},"11":{"start":{"line":32,"column":12},"end":{"line":41,"column":14}}},"fnMap":{"0":{"name":"(anonymous_0)","decl":{"start":{"line":6,"column":25},"end":{"line":6,"column":26}},"loc":{"start":{"line":6,"column":56},"end":{"line":44,"column":1}},"line":6},"1":{"name":"(anonymous_1)","decl":{"start":{"line":12,"column":8},"end":{"line":12,"column":9}},"loc":{"start":{"line":12,"column":30},"end":{"line":20,"column":9}},"line":12},"2":{"name":"(anonymous_2)","decl":{"start":{"line":13,"column":66},"end":{"line":13,"column":67}},"loc":{"start":{"line":13,"column":73},"end":{"line":16,"column":13}},"line":13},"3":{"name":"(anonymous_3)","decl":{"start":{"line":17,"column":67},"end":{"line":17,"column":68}},"loc":{"start":{"line":17,"column":74},"end":{"line":17,"column":77}},"line":17},"4":{"name":"(anonymous_4)","decl":{"start":{"line":17,"column":79},"end":{"line":17,"column":80}},"loc":{"start":{"line":17,"column":88},"end":{"line":19,"column":13}},"line":17},"5":{"name":"(anonymous_5)","decl":{"start":{"line":22,"column":8},"end":{"line":22,"column":9}},"loc":{"start":{"line":22,"column":32},"end":{"line":25,"column":9}},"line":22},"6":{"name":"(anonymous_6)","decl":{"start":{"line":27,"column":32},"end":{"line":27,"column":33}},"loc":{"start":{"line":27,"column":38},"end":{"line":29,"column":9}},"line":27},"7":{"name":"(anonymous_7)","decl":{"start":{"line":31,"column":8},"end":{"line":31,"column":9}},"loc":{"start":{"line":31,"column":18},"end":{"line":42,"column":9}},"line":31}},"branchMap":{"0":{"loc":{"start":{"line":37,"column":25},"end":{"line":37,"column":75}},"type":"cond-expr","locations":[{"start":{"line":37,"column":44},"end":{"line":37,"column":68}},{"start":{"line":37,"column":71},"end":{"line":37,"column":75}}],"line":37}},"s":{"0":1,"1":0,"2":0,"3":0,"4":0,"5":0,"6":0,"7":0,"8":0,"9":0,"10":0,"11":0},"f":{"0":0,"1":0,"2":0,"3":0,"4":0,"5":0,"6":0,"7":0},"b":{"0":[0,0]},"_coverageSchema":"332fd63041d2c1bcb487cc26dd0d5f7d97098a6c","hash":"254ff65d8ca0892e5014c0a787c1ec24e5dfa285"}
,"/home/rupalimishra/Documents/React/Newburger/src/hoc/asyncComponent/asyncComponent.js": {"path":"/home/rupalimishra/Documents/React/Newburger/src/hoc/asyncComponent/asyncComponent.js","statementMap":{"0":{"start":{"line":3,"column":23},"end":{"line":22,"column":1}},"1":{"start":{"line":4,"column":4},"end":{"line":21,"column":5}},"2":{"start":{"line":10,"column":12},"end":{"line":13,"column":19}},"3":{"start":{"line":12,"column":20},"end":{"line":12,"column":60}},"4":{"start":{"line":17,"column":22},"end":{"line":17,"column":42}},"5":{"start":{"line":19,"column":12},"end":{"line":19,"column":52}}},"fnMap":{"0":{"name":"(anonymous_0)","decl":{"start":{"line":3,"column":23},"end":{"line":3,"column":24}},"loc":{"start":{"line":3,"column":44},"end":{"line":22,"column":1}},"line":3},"1":{"name":"(anonymous_1)","decl":{"start":{"line":9,"column":8},"end":{"line":9,"column":9}},"loc":{"start":{"line":9,"column":29},"end":{"line":14,"column":9}},"line":9},"2":{"name":"(anonymous_2)","decl":{"start":{"line":11,"column":22},"end":{"line":11,"column":23}},"loc":{"start":{"line":11,"column":29},"end":{"line":13,"column":17}},"line":11},"3":{"name":"(anonymous_3)","decl":{"start":{"line":16,"column":8},"end":{"line":16,"column":9}},"loc":{"start":{"line":16,"column":18},"end":{"line":20,"column":9}},"line":16}},"branchMap":{"0":{"loc":{"start":{"line":19,"column":19},"end":{"line":19,"column":51}},"type":"cond-expr","locations":[{"start":{"line":19,"column":23},"end":{"line":19,"column":44}},{"start":{"line":19,"column":47},"end":{"line":19,"column":51}}],"line":19}},"s":{"0":1,"1":0,"2":0,"3":0,"4":0,"5":0},"f":{"0":0,"1":0,"2":0,"3":0},"b":{"0":[0,0]},"_coverageSchema":"332fd63041d2c1bcb487cc26dd0d5f7d97098a6c","hash":"5f89d1af730fd77737cb6f20b62ac9790b5c90e4"}
,"/home/rupalimishra/Documents/React/Newburger/src/shared/utility.js": {"path":"/home/rupalimishra/Documents/React/Newburger/src/shared/utility.js","statementMap":{"0":{"start":{"line":1,"column":28},"end":{"line":6,"column":1}},"1":{"start":{"line":2,"column":4},"end":{"line":5,"column":6}},"2":{"start":{"line":8,"column":29},"end":{"line":37,"column":1}},"3":{"start":{"line":9,"column":18},"end":{"line":9,"column":22}},"4":{"start":{"line":10,"column":4},"end":{"line":12,"column":5}},"5":{"start":{"line":11,"column":8},"end":{"line":11,"column":20}},"6":{"start":{"line":14,"column":4},"end":{"line":16,"column":5}},"7":{"start":{"line":15,"column":8},"end":{"line":15,"column":49}},"8":{"start":{"line":18,"column":4},"end":{"line":20,"column":5}},"9":{"start":{"line":19,"column":8},"end":{"line":19,"column":60}},"10":{"start":{"line":22,"column":4},"end":{"line":24,"column":5}},"11":{"start":{"line":23,"column":8},"end":{"line":23,"column":60}},"12":{"start":{"line":26,"column":4},"end":{"line":29,"column":5}},"13":{"start":{"line":27,"column":24},"end":{"line":27,"column":159}},"14":{"start":{"line":28,"column":8},"end":{"line":28,"column":50}},"15":{"start":{"line":31,"column":4},"end":{"line":34,"column":5}},"16":{"start":{"line":32,"column":24},"end":{"line":32,"column":31}},"17":{"start":{"line":33,"column":8},"end":{"line":33,"column":50}},"18":{"start":{"line":36,"column":4},"end":{"line":36,"column":19}}},"fnMap":{"0":{"name":"(anonymous_0)","decl":{"start":{"line":1,"column":28},"end":{"line":1,"column":29}},"loc":{"start":{"line":1,"column":62},"end":{"line":6,"column":1}},"line":1},"1":{"name":"(anonymous_1)","decl":{"start":{"line":8,"column":29},"end":{"line":8,"column":30}},"loc":{"start":{"line":8,"column":49},"end":{"line":37,"column":1}},"line":8}},"branchMap":{"0":{"loc":{"start":{"line":10,"column":4},"end":{"line":12,"column":5}},"type":"if","locations":[{"start":{"line":10,"column":4},"end":{"line":12,"column":5}},{"start":{"line":10,"column":4},"end":{"line":12,"column":5}}],"line":10},"1":{"loc":{"start":{"line":14,"column":4},"end":{"line":16,"column":5}},"type":"if","locations":[{"start":{"line":14,"column":4},"end":{"line":16,"column":5}},{"start":{"line":14,"column":4},"end":{"line":16,"column":5}}],"line":14},"2":{"loc":{"start":{"line":15,"column":18},"end":{"line":15,"column":48}},"type":"binary-expr","locations":[{"start":{"line":15,"column":18},"end":{"line":15,"column":37}},{"start":{"line":15,"column":41},"end":{"line":15,"column":48}}],"line":15},"3":{"loc":{"start":{"line":18,"column":4},"end":{"line":20,"column":5}},"type":"if","locations":[{"start":{"line":18,"column":4},"end":{"line":20,"column":5}},{"start":{"line":18,"column":4},"end":{"line":20,"column":5}}],"line":18},"4":{"loc":{"start":{"line":19,"column":18},"end":{"line":19,"column":60}},"type":"binary-expr","locations":[{"start":{"line":19,"column":18},"end":{"line":19,"column":49}},{"start":{"line":19,"column":53},"end":{"line":19,"column":60}}],"line":19},"5":{"loc":{"start":{"line":22,"column":4},"end":{"line":24,"column":5}},"type":"if","locations":[{"start":{"line":22,"column":4},"end":{"line":24,"column":5}},{"start":{"line":22,"column":4},"end":{"line":24,"column":5}}],"line":22},"6":{"loc":{"start":{"line":23,"column":18},"end":{"line":23,"column":60}},"type":"binary-expr","locations":[{"start":{"line":23,"column":18},"end":{"line":23,"column":49}},{"start":{"line":23,"column":53},"end":{"line":23,"column":60}}],"line":23},"7":{"loc":{"start":{"line":26,"column":4},"end":{"line":29,"column":5}},"type":"if","locations":[{"start":{"line":26,"column":4},"end":{"line":29,"column":5}},{"start":{"line":26,"column":4},"end":{"line":29,"column":5}}],"line":26},"8":{"loc":{"start":{"line":28,"column":18},"end":{"line":28,"column":50}},"type":"binary-expr","locations":[{"start":{"line":28,"column":18},"end":{"line":28,"column":39}},{"start":{"line":28,"column":43},"end":{"line":28,"column":50}}],"line":28},"9":{"loc":{"start":{"line":31,"column":4},"end":{"line":34,"column":5}},"type":"if","locations":[{"start":{"line":31,"column":4},"end":{"line":34,"column":5}},{"start":{"line":31,"column":4},"end":{"line":34,"column":5}}],"line":31},"10":{"loc":{"start":{"line":33,"column":18},"end":{"line":33,"column":50}},"type":"binary-expr","locations":[{"start":{"line":33,"column":18},"end":{"line":33,"column":39}},{"start":{"line":33,"column":43},"end":{"line":33,"column":50}}],"line":33}},"s":{"0":1,"1":1,"2":1,"3":0,"4":0,"5":0,"6":0,"7":0,"8":0,"9":0,"10":0,"11":0,"12":0,"13":0,"14":0,"15":0,"16":0,"17":0,"18":0},"f":{"0":1,"1":0},"b":{"0":[0,0],"1":[0,0],"2":[0,0],"3":[0,0],"4":[0,0],"5":[0,0],"6":[0,0],"7":[0,0],"8":[0,0],"9":[0,0],"10":[0,0]},"_coverageSchema":"332fd63041d2c1bcb487cc26dd0d5f7d97098a6c","hash":"d7539b5428cede82fb6c2d51c0ef813644cd2d11"}
,"/home/rupalimishra/Documents/React/Newburger/src/store/actions/actionTypes.js": {"path":"/home/rupalimishra/Documents/React/Newburger/src/store/actions/actionTypes.js","statementMap":{"0":{"start":{"line":1,"column":30},"end":{"line":1,"column":46}},"1":{"start":{"line":2,"column":33},"end":{"line":2,"column":52}},"2":{"start":{"line":3,"column":31},"end":{"line":3,"column":48}},"3":{"start":{"line":4,"column":40},"end":{"line":4,"column":66}},"4":{"start":{"line":6,"column":37},"end":{"line":6,"column":60}},"5":{"start":{"line":7,"column":39},"end":{"line":7,"column":64}},"6":{"start":{"line":8,"column":36},"end":{"line":8,"column":58}},"7":{"start":{"line":9,"column":29},"end":{"line":9,"column":44}},"8":{"start":{"line":11,"column":34},"end":{"line":11,"column":54}},"9":{"start":{"line":12,"column":36},"end":{"line":12,"column":58}},"10":{"start":{"line":13,"column":33},"end":{"line":13,"column":52}},"11":{"start":{"line":15,"column":26},"end":{"line":15,"column":38}},"12":{"start":{"line":16,"column":28},"end":{"line":16,"column":42}},"13":{"start":{"line":17,"column":25},"end":{"line":17,"column":36}},"14":{"start":{"line":18,"column":27},"end":{"line":18,"column":40}},"15":{"start":{"line":20,"column":38},"end":{"line":20,"column":62}}},"fnMap":{},"branchMap":{},"s":{"0":1,"1":1,"2":1,"3":1,"4":1,"5":1,"6":1,"7":1,"8":1,"9":1,"10":1,"11":1,"12":1,"13":1,"14":1,"15":1},"f":{},"b":{},"_coverageSchema":"332fd63041d2c1bcb487cc26dd0d5f7d97098a6c","hash":"1aafa66b7a041a2d34314b27eb6d036864267d61"}
,"/home/rupalimishra/Documents/React/Newburger/src/store/actions/auth.js": {"path":"/home/rupalimishra/Documents/React/Newburger/src/store/actions/auth.js","statementMap":{"0":{"start":{"line":1,"column":13},"end":{"line":1,"column":75}},"1":{"start":{"line":1,"column":75},"end":{"line":1,"column":260}},"2":{"start":{"line":1,"column":273},"end":{"line":1,"column":289}},"3":{"start":{"line":1,"column":304},"end":{"line":1,"column":334}},"4":{"start":{"line":3,"column":19},"end":{"line":3,"column":43}},"5":{"start":{"line":3,"column":62},"end":{"line":3,"column":99}},"6":{"start":{"line":3,"column":139},"end":{"line":3,"column":355}},"7":{"start":{"line":3,"column":167},"end":{"line":3,"column":178}},"8":{"start":{"line":3,"column":199},"end":{"line":3,"column":201}},"9":{"start":{"line":3,"column":202},"end":{"line":3,"column":319}},"10":{"start":{"line":3,"column":220},"end":{"line":3,"column":318}},"11":{"start":{"line":3,"column":242},"end":{"line":3,"column":317}},"12":{"start":{"line":3,"column":294},"end":{"line":3,"column":317}},"13":{"start":{"line":3,"column":319},"end":{"line":3,"column":340}},"14":{"start":{"line":3,"column":340},"end":{"line":3,"column":354}},"15":{"start":{"line":3,"column":394},"end":{"line":3,"column":448}},"16":{"start":{"line":5,"column":18},"end":{"line":9,"column":1}},"17":{"start":{"line":6,"column":4},"end":{"line":7,"column":39}},"18":{"start":{"line":11,"column":20},"end":{"line":17,"column":1}},"19":{"start":{"line":12,"column":4},"end":{"line":15,"column":25}},"20":{"start":{"line":19,"column":17},"end":{"line":24,"column":1}},"21":{"start":{"line":20,"column":4},"end":{"line":22,"column":23}},"22":{"start":{"line":26,"column":15},"end":{"line":33,"column":1}},"23":{"start":{"line":27,"column":4},"end":{"line":27,"column":37}},"24":{"start":{"line":28,"column":4},"end":{"line":28,"column":46}},"25":{"start":{"line":29,"column":4},"end":{"line":29,"column":38}},"26":{"start":{"line":30,"column":4},"end":{"line":31,"column":40}},"27":{"start":{"line":35,"column":25},"end":{"line":41,"column":1}},"28":{"start":{"line":36,"column":4},"end":{"line":40,"column":6}},"29":{"start":{"line":37,"column":8},"end":{"line":39,"column":34}},"30":{"start":{"line":38,"column":12},"end":{"line":38,"column":31}},"31":{"start":{"line":43,"column":13},"end":{"line":68,"column":1}},"32":{"start":{"line":44,"column":4},"end":{"line":67,"column":6}},"33":{"start":{"line":45,"column":8},"end":{"line":45,"column":30}},"34":{"start":{"line":46,"column":25},"end":{"line":49,"column":37}},"35":{"start":{"line":51,"column":18},"end":{"line":51,"column":136}},"36":{"start":{"line":52,"column":8},"end":{"line":54,"column":9}},"37":{"start":{"line":53,"column":12},"end":{"line":53,"column":138}},"38":{"start":{"line":55,"column":8},"end":{"line":66,"column":11}},"39":{"start":{"line":57,"column":35},"end":{"line":57,"column":98}},"40":{"start":{"line":58,"column":12},"end":{"line":58,"column":65}},"41":{"start":{"line":59,"column":12},"end":{"line":59,"column":67}},"42":{"start":{"line":60,"column":12},"end":{"line":60,"column":66}},"43":{"start":{"line":61,"column":12},"end":{"line":61,"column":80}},"44":{"start":{"line":62,"column":12},"end":{"line":62,"column":64}},"45":{"start":{"line":65,"column":12},"end":{"line":65,"column":56}},"46":{"start":{"line":70,"column":28},"end":{"line":75,"column":1}},"47":{"start":{"line":71,"column":4},"end":{"line":73,"column":21}},"48":{"start":{"line":77,"column":23},"end":{"line":93,"column":1}},"49":{"start":{"line":78,"column":4},"end":{"line":92,"column":6}},"50":{"start":{"line":79,"column":22},"end":{"line":79,"column":51}},"51":{"start":{"line":80,"column":8},"end":{"line":91,"column":9}},"52":{"start":{"line":81,"column":12},"end":{"line":81,"column":31}},"53":{"start":{"line":83,"column":35},"end":{"line":83,"column":83}},"54":{"start":{"line":84,"column":12},"end":{"line":90,"column":13}},"55":{"start":{"line":85,"column":16},"end":{"line":85,"column":35}},"56":{"start":{"line":87,"column":31},"end":{"line":87,"column":61}},"57":{"start":{"line":88,"column":16},"end":{"line":88,"column":53}},"58":{"start":{"line":89,"column":16},"end":{"line":89,"column":101}}},"fnMap":{"0":{"name":"_interopRequireWildcard","decl":{"start":{"line":3,"column":109},"end":{"line":3,"column":132}},"loc":{"start":{"line":3,"column":138},"end":{"line":3,"column":356}},"line":3},"1":{"name":"_interopRequireDefault","decl":{"start":{"line":3,"column":365},"end":{"line":3,"column":387}},"loc":{"start":{"line":3,"column":393},"end":{"line":3,"column":449}},"line":3},"2":{"name":"(anonymous_2)","decl":{"start":{"line":5,"column":38},"end":{"line":5,"column":39}},"loc":{"start":{"line":5,"column":44},"end":{"line":9,"column":1}},"line":5},"3":{"name":"(anonymous_3)","decl":{"start":{"line":11,"column":42},"end":{"line":11,"column":43}},"loc":{"start":{"line":11,"column":61},"end":{"line":17,"column":1}},"line":11},"4":{"name":"(anonymous_4)","decl":{"start":{"line":19,"column":36},"end":{"line":19,"column":37}},"loc":{"start":{"line":19,"column":45},"end":{"line":24,"column":1}},"line":19},"5":{"name":"(anonymous_5)","decl":{"start":{"line":26,"column":32},"end":{"line":26,"column":33}},"loc":{"start":{"line":26,"column":38},"end":{"line":33,"column":1}},"line":26},"6":{"name":"(anonymous_6)","decl":{"start":{"line":35,"column":52},"end":{"line":35,"column":53}},"loc":{"start":{"line":35,"column":70},"end":{"line":41,"column":1}},"line":35},"7":{"name":"(anonymous_7)","decl":{"start":{"line":36,"column":11},"end":{"line":36,"column":12}},"loc":{"start":{"line":36,"column":23},"end":{"line":40,"column":5}},"line":36},"8":{"name":"(anonymous_8)","decl":{"start":{"line":37,"column":19},"end":{"line":37,"column":20}},"loc":{"start":{"line":37,"column":25},"end":{"line":39,"column":9}},"line":37},"9":{"name":"(anonymous_9)","decl":{"start":{"line":43,"column":28},"end":{"line":43,"column":29}},"loc":{"start":{"line":43,"column":59},"end":{"line":68,"column":1}},"line":43},"10":{"name":"(anonymous_10)","decl":{"start":{"line":44,"column":11},"end":{"line":44,"column":12}},"loc":{"start":{"line":44,"column":23},"end":{"line":67,"column":5}},"line":44},"11":{"name":"(anonymous_11)","decl":{"start":{"line":56,"column":13},"end":{"line":56,"column":14}},"loc":{"start":{"line":56,"column":25},"end":{"line":63,"column":9}},"line":56},"12":{"name":"(anonymous_12)","decl":{"start":{"line":64,"column":14},"end":{"line":64,"column":15}},"loc":{"start":{"line":64,"column":21},"end":{"line":66,"column":9}},"line":64},"13":{"name":"(anonymous_13)","decl":{"start":{"line":70,"column":58},"end":{"line":70,"column":59}},"loc":{"start":{"line":70,"column":66},"end":{"line":75,"column":1}},"line":70},"14":{"name":"(anonymous_14)","decl":{"start":{"line":77,"column":48},"end":{"line":77,"column":49}},"loc":{"start":{"line":77,"column":54},"end":{"line":93,"column":1}},"line":77},"15":{"name":"(anonymous_15)","decl":{"start":{"line":78,"column":11},"end":{"line":78,"column":12}},"loc":{"start":{"line":78,"column":23},"end":{"line":92,"column":5}},"line":78}},"branchMap":{"0":{"loc":{"start":{"line":3,"column":139},"end":{"line":3,"column":355}},"type":"if","locations":[{"start":{"line":3,"column":139},"end":{"line":3,"column":355}},{"start":{"line":3,"column":139},"end":{"line":3,"column":355}}],"line":3},"1":{"loc":{"start":{"line":3,"column":143},"end":{"line":3,"column":164}},"type":"binary-expr","locations":[{"start":{"line":3,"column":143},"end":{"line":3,"column":146}},{"start":{"line":3,"column":150},"end":{"line":3,"column":164}}],"line":3},"2":{"loc":{"start":{"line":3,"column":202},"end":{"line":3,"column":319}},"type":"if","locations":[{"start":{"line":3,"column":202},"end":{"line":3,"column":319}},{"start":{"line":3,"column":202},"end":{"line":3,"column":319}}],"line":3},"3":{"loc":{"start":{"line":3,"column":242},"end":{"line":3,"column":317}},"type":"if","locations":[{"start":{"line":3,"column":242},"end":{"line":3,"column":317}},{"start":{"line":3,"column":242},"end":{"line":3,"column":317}}],"line":3},"4":{"loc":{"start":{"line":3,"column":401},"end":{"line":3,"column":447}},"type":"cond-expr","locations":[{"start":{"line":3,"column":425},"end":{"line":3,"column":428}},{"start":{"line":3,"column":431},"end":{"line":3,"column":447}}],"line":3},"5":{"loc":{"start":{"line":3,"column":401},"end":{"line":3,"column":422}},"type":"binary-expr","locations":[{"start":{"line":3,"column":401},"end":{"line":3,"column":404}},{"start":{"line":3,"column":408},"end":{"line":3,"column":422}}],"line":3},"6":{"loc":{"start":{"line":52,"column":8},"end":{"line":54,"column":9}},"type":"if","locations":[{"start":{"line":52,"column":8},"end":{"line":54,"column":9}},{"start":{"line":52,"column":8},"end":{"line":54,"column":9}}],"line":52},"7":{"loc":{"start":{"line":80,"column":8},"end":{"line":91,"column":9}},"type":"if","locations":[{"start":{"line":80,"column":8},"end":{"line":91,"column":9}},{"start":{"line":80,"column":8},"end":{"line":91,"column":9}}],"line":80},"8":{"loc":{"start":{"line":84,"column":12},"end":{"line":90,"column":13}},"type":"if","locations":[{"start":{"line":84,"column":12},"end":{"line":90,"column":13}},{"start":{"line":84,"column":12},"end":{"line":90,"column":13}}],"line":84}},"s":{"0":0,"1":0,"2":0,"3":0,"4":0,"5":0,"6":0,"7":0,"8":0,"9":0,"10":0,"11":0,"12":0,"13":0,"14":0,"15":0,"16":0,"17":0,"18":0,"19":0,"20":0,"21":0,"22":0,"23":0,"24":0,"25":0,"26":0,"27":0,"28":0,"29":0,"30":0,"31":0,"32":0,"33":0,"34":0,"35":0,"36":0,"37":0,"38":0,"39":0,"40":0,"41":0,"42":0,"43":0,"44":0,"45":0,"46":0,"47":0,"48":0,"49":0,"50":0,"51":0,"52":0,"53":0,"54":0,"55":0,"56":0,"57":0,"58":0},"f":{"0":0,"1":0,"2":0,"3":0,"4":0,"5":0,"6":0,"7":0,"8":0,"9":0,"10":0,"11":0,"12":0,"13":0,"14":0,"15":0},"b":{"0":[0,0],"1":[0,0],"2":[0,0],"3":[0,0],"4":[0,0],"5":[0,0],"6":[0,0],"7":[0,0],"8":[0,0]}}
,"/home/rupalimishra/Documents/React/Newburger/src/store/actions/burgerBuilder.js": {"path":"/home/rupalimishra/Documents/React/Newburger/src/store/actions/burgerBuilder.js","statementMap":{"0":{"start":{"line":1,"column":13},"end":{"line":1,"column":75}},"1":{"start":{"line":1,"column":75},"end":{"line":1,"column":220}},"2":{"start":{"line":1,"column":239},"end":{"line":1,"column":263}},"3":{"start":{"line":1,"column":282},"end":{"line":1,"column":319}},"4":{"start":{"line":2,"column":19},"end":{"line":2,"column":48}},"5":{"start":{"line":2,"column":69},"end":{"line":2,"column":105}},"6":{"start":{"line":2,"column":144},"end":{"line":2,"column":198}},"7":{"start":{"line":2,"column":238},"end":{"line":2,"column":454}},"8":{"start":{"line":2,"column":266},"end":{"line":2,"column":277}},"9":{"start":{"line":2,"column":298},"end":{"line":2,"column":300}},"10":{"start":{"line":2,"column":301},"end":{"line":2,"column":418}},"11":{"start":{"line":2,"column":319},"end":{"line":2,"column":417}},"12":{"start":{"line":2,"column":341},"end":{"line":2,"column":416}},"13":{"start":{"line":2,"column":393},"end":{"line":2,"column":416}},"14":{"start":{"line":2,"column":418},"end":{"line":2,"column":439}},"15":{"start":{"line":2,"column":439},"end":{"line":2,"column":453}},"16":{"start":{"line":4,"column":22},"end":{"line":9,"column":1}},"17":{"start":{"line":5,"column":4},"end":{"line":7,"column":31}},"18":{"start":{"line":11,"column":25},"end":{"line":16,"column":1}},"19":{"start":{"line":12,"column":4},"end":{"line":14,"column":31}},"20":{"start":{"line":18,"column":23},"end":{"line":23,"column":1}},"21":{"start":{"line":19,"column":4},"end":{"line":21,"column":35}},"22":{"start":{"line":25,"column":31},"end":{"line":29,"column":1}},"23":{"start":{"line":26,"column":4},"end":{"line":27,"column":53}},"24":{"start":{"line":31,"column":24},"end":{"line":41,"column":1}},"25":{"start":{"line":32,"column":4},"end":{"line":40,"column":6}},"26":{"start":{"line":33,"column":8},"end":{"line":39,"column":11}},"27":{"start":{"line":35,"column":12},"end":{"line":35,"column":52}},"28":{"start":{"line":38,"column":12},"end":{"line":38,"column":47}}},"fnMap":{"0":{"name":"_interopRequireDefault","decl":{"start":{"line":2,"column":115},"end":{"line":2,"column":137}},"loc":{"start":{"line":2,"column":143},"end":{"line":2,"column":199}},"line":2},"1":{"name":"_interopRequireWildcard","decl":{"start":{"line":2,"column":208},"end":{"line":2,"column":231}},"loc":{"start":{"line":2,"column":237},"end":{"line":2,"column":455}},"line":2},"2":{"name":"(anonymous_2)","decl":{"start":{"line":4,"column":46},"end":{"line":4,"column":47}},"loc":{"start":{"line":4,"column":54},"end":{"line":9,"column":1}},"line":4},"3":{"name":"(anonymous_3)","decl":{"start":{"line":11,"column":52},"end":{"line":11,"column":53}},"loc":{"start":{"line":11,"column":60},"end":{"line":16,"column":1}},"line":11},"4":{"name":"(anonymous_4)","decl":{"start":{"line":18,"column":48},"end":{"line":18,"column":49}},"loc":{"start":{"line":18,"column":63},"end":{"line":23,"column":1}},"line":18},"5":{"name":"(anonymous_5)","decl":{"start":{"line":25,"column":64},"end":{"line":25,"column":65}},"loc":{"start":{"line":25,"column":70},"end":{"line":29,"column":1}},"line":25},"6":{"name":"(anonymous_6)","decl":{"start":{"line":31,"column":50},"end":{"line":31,"column":51}},"loc":{"start":{"line":31,"column":56},"end":{"line":41,"column":1}},"line":31},"7":{"name":"(anonymous_7)","decl":{"start":{"line":32,"column":11},"end":{"line":32,"column":12}},"loc":{"start":{"line":32,"column":23},"end":{"line":40,"column":5}},"line":32},"8":{"name":"(anonymous_8)","decl":{"start":{"line":34,"column":13},"end":{"line":34,"column":14}},"loc":{"start":{"line":34,"column":25},"end":{"line":36,"column":9}},"line":34},"9":{"name":"(anonymous_9)","decl":{"start":{"line":37,"column":14},"end":{"line":37,"column":15}},"loc":{"start":{"line":37,"column":23},"end":{"line":39,"column":9}},"line":37}},"branchMap":{"0":{"loc":{"start":{"line":2,"column":151},"end":{"line":2,"column":197}},"type":"cond-expr","locations":[{"start":{"line":2,"column":175},"end":{"line":2,"column":178}},{"start":{"line":2,"column":181},"end":{"line":2,"column":197}}],"line":2},"1":{"loc":{"start":{"line":2,"column":151},"end":{"line":2,"column":172}},"type":"binary-expr","locations":[{"start":{"line":2,"column":151},"end":{"line":2,"column":154}},{"start":{"line":2,"column":158},"end":{"line":2,"column":172}}],"line":2},"2":{"loc":{"start":{"line":2,"column":238},"end":{"line":2,"column":454}},"type":"if","locations":[{"start":{"line":2,"column":238},"end":{"line":2,"column":454}},{"start":{"line":2,"column":238},"end":{"line":2,"column":454}}],"line":2},"3":{"loc":{"start":{"line":2,"column":242},"end":{"line":2,"column":263}},"type":"binary-expr","locations":[{"start":{"line":2,"column":242},"end":{"line":2,"column":245}},{"start":{"line":2,"column":249},"end":{"line":2,"column":263}}],"line":2},"4":{"loc":{"start":{"line":2,"column":301},"end":{"line":2,"column":418}},"type":"if","locations":[{"start":{"line":2,"column":301},"end":{"line":2,"column":418}},{"start":{"line":2,"column":301},"end":{"line":2,"column":418}}],"line":2},"5":{"loc":{"start":{"line":2,"column":341},"end":{"line":2,"column":416}},"type":"if","locations":[{"start":{"line":2,"column":341},"end":{"line":2,"column":416}},{"start":{"line":2,"column":341},"end":{"line":2,"column":416}}],"line":2}},"s":{"0":0,"1":0,"2":0,"3":0,"4":0,"5":0,"6":0,"7":0,"8":0,"9":0,"10":0,"11":0,"12":0,"13":0,"14":0,"15":0,"16":0,"17":0,"18":0,"19":0,"20":0,"21":0,"22":0,"23":0,"24":0,"25":0,"26":0,"27":0,"28":0},"f":{"0":0,"1":0,"2":0,"3":0,"4":0,"5":0,"6":0,"7":0,"8":0,"9":0},"b":{"0":[0,0],"1":[0,0],"2":[0,0],"3":[0,0],"4":[0,0],"5":[0,0]}}
[...]
"line":25},"6":{"name":"(anonymous_6)","decl":{"start":{"line":26,"column":11},"end":{"line":26,"column":12}},"loc":{"start":{"line":26,"column":23},"end":{"line":35,"column":5}},"line":26},"7":{"name":"(anonymous_7)","decl":{"start":{"line":29,"column":13},"end":{"line":29,"column":14}},"loc":{"start":{"line":29,"column":25},"end":{"line":31,"column":9}},"line":29},"8":{"name":"(anonymous_8)","decl":{"start":{"line":32,"column":14},"end":{"line":32,"column":15}},"loc":{"start":{"line":32,"column":23},"end":{"line":34,"column":9}},"line":32},"9":{"name":"(anonymous_9)","decl":{"start":{"line":38,"column":44},"end":{"line":38,"column":45}},"loc":{"start":{"line":38,"column":50},"end":{"line":42,"column":1}},"line":38},"10":{"name":"(anonymous_10)","decl":{"start":{"line":44,"column":56},"end":{"line":44,"column":57}},"loc":{"start":{"line":44,"column":66},"end":{"line":49,"column":1}},"line":44},"11":{"name":"(anonymous_11)","decl":{"start":{"line":51,"column":50},"end":{"line":51,"column":51}},"loc":{"start":{"line":51,"column":59},"end":{"line":56,"column":1}},"line":51},"12":{"name":"(anonymous_12)","decl":{"start":{"line":58,"column":52},"end":{"line":58,"column":53}},"loc":{"start":{"line":58,"column":58},"end":{"line":62,"column":1}},"line":58},"13":{"name":"(anonymous_13)","decl":{"start":{"line":64,"column":42},"end":{"line":64,"column":43}},"loc":{"start":{"line":64,"column":61},"end":{"line":83,"column":1}},"line":64},"14":{"name":"(anonymous_14)","decl":{"start":{"line":65,"column":11},"end":{"line":65,"column":12}},"loc":{"start":{"line":65,"column":23},"end":{"line":82,"column":5}},"line":65},"15":{"name":"(anonymous_15)","decl":{"start":{"line":69,"column":13},"end":{"line":69,"column":14}},"loc":{"start":{"line":69,"column":20},"end":{"line":78,"column":9}},"line":69},"16":{"name":"(anonymous_16)","decl":{"start":{"line":79,"column":14},"end":{"line":79,"column":15}},"loc":{"start":{"line":79,"column":21},"end":{"line":81,"column":9}},"line":79}},"branchMap":{"0":{"loc":{"start":{"line":2,"column":151},"end":{"line":2,"column":197}},"type":"cond-expr","locations":[{"start":{"line":2,"column":175},"end":{"line":2,"column":178}},{"start":{"line":2,"column":181},"end":{"line":2,"column":197}}],"line":2},"1":{"loc":{"start":{"line":2,"column":151},"end":{"line":2,"column":172}},"type":"binary-expr","locations":[{"start":{"line":2,"column":151},"end":{"line":2,"column":154}},{"start":{"line":2,"column":158},"end":{"line":2,"column":172}}],"line":2},"2":{"loc":{"start":{"line":2,"column":238},"end":{"line":2,"column":454}},"type":"if","locations":[{"start":{"line":2,"column":238},"end":{"line":2,"column":454}},{"start":{"line":2,"column":238},"end":{"line":2,"column":454}}],"line":2},"3":{"loc":{"start":{"line":2,"column":242},"end":{"line":2,"column":263}},"type":"binary-expr","locations":[{"start":{"line":2,"column":242},"end":{"line":2,"column":245}},{"start":{"line":2,"column":249},"end":{"line":2,"column":263}}],"line":2},"4":{"loc":{"start":{"line":2,"column":301},"end":{"line":2,"column":418}},"type":"if","locations":[{"start":{"line":2,"column":301},"end":{"line":2,"column":418}},{"start":{"line":2,"column":301},"end":{"line":2,"column":418}}],"line":2},"5":{"loc":{"start":{"line":2,"column":341},"end":{"line":2,"column":416}},"type":"if","locations":[{"start":{"line":2,"column":341},"end":{"line":2,"column":416}},{"start":{"line":2,"column":341},"end":{"line":2,"column":416}}],"line":2}},"s":{"0":0,"1":0,"2":0,"3":0,"4":0,"5":0,"6":0,"7":0,"8":0,"9":0,"10":0,"11":0,"12":0,"13":0,"14":0,"15":0,"16":0,"17":0,"18":0,"19":0,"20":0,"21":0,"22":0,"23":0,"24":0,"25":0,"26":0,"27":0,"28":0,"29":0,"30":0,"31":0,"32":0,"33":0,"34":0,"35":0,"36":0,"37":0,"38":0,"39":0,"40":0,"41":0,"42":0,"43":0,"44":0,"45":0},"f":{"0":0,"1":0,"2":0,"3":0,"4":0,"5":0,"6":0,"7":0,"8":0,"9":0,"10":0,"11":0,"12":0,"13":0,"14":0,"15":0,"16":0},"b":{"0":[0,0],"1":[0,0],"2":[0,0],"3":[0,0],"4":[0,0],"5":[0,0]}}
,"/home/rupalimishra/Documents/React/Newburger/src/store/reducers/auth.js": {"path":"/home/rupalimishra/Documents/React/Newburger/src/store/reducers/auth.js","statementMap":{"0":{"start":{"line":4,"column":21},"end":{"line":10,"column":1}},"1":{"start":{"line":12,"column":18},"end":{"line":14,"column":1}},"2":{"start":{"line":13,"column":4},"end":{"line":13,"column":65}},"3":{"start":{"line":16,"column":20},"end":{"line":23,"column":1}},"4":{"start":{"line":17,"column":4},"end":{"line":22,"column":9}},"5":{"start":{"line":25,"column":17},"end":{"line":30,"column":1}},"6":{"start":{"line":26,"column":4},"end":{"line":29,"column":7}},"7":{"start":{"line":32,"column":19},"end":{"line":34,"column":1}},"8":{"start":{"line":33,"column":4},"end":{"line":33,"column":62}},"9":{"start":{"line":36,"column":28},"end":{"line":38,"column":1}},"10":{"start":{"line":37,"column":4},"end":{"line":37,"column":65}},"11":{"start":{"line":40,"column":16},"end":{"line":50,"column":1}},"12":{"start":{"line":41,"column":4},"end":{"line":49,"column":5}},"13":{"start":{"line":42,"column":37},"end":{"line":42,"column":69}},"14":{"start":{"line":43,"column":39},"end":{"line":43,"column":73}},"15":{"start":{"line":44,"column":36},"end":{"line":44,"column":67}},"16":{"start":{"line":45,"column":38},"end":{"line":45,"column":71}},"17":{"start":{"line":46,"column":49},"end":{"line":46,"column":90}},"18":{"start":{"line":48,"column":12},"end":{"line":48,"column":25}}},"fnMap":{"0":{"name":"(anonymous_0)","decl":{"start":{"line":12,"column":18},"end":{"line":12,"column":19}},"loc":{"start":{"line":12,"column":39},"end":{"line":14,"column":1}},"line":12},"1":{"name":"(anonymous_1)","decl":{"start":{"line":16,"column":20},"end":{"line":16,"column":21}},"loc":{"start":{"line":16,"column":39},"end":{"line":23,"column":1}},"line":16},"2":{"name":"(anonymous_2)","decl":{"start":{"line":25,"column":17},"end":{"line":25,"column":18}},"loc":{"start":{"line":25,"column":36},"end":{"line":30,"column":1}},"line":25},"3":{"name":"(anonymous_3)","decl":{"start":{"line":32,"column":19},"end":{"line":32,"column":20}},"loc":{"start":{"line":32,"column":38},"end":{"line":34,"column":1}},"line":32},"4":{"name":"(anonymous_4)","decl":{"start":{"line":36,"column":28},"end":{"line":36,"column":29}},"loc":{"start":{"line":36,"column":47},"end":{"line":38,"column":1}},"line":36},"5":{"name":"(anonymous_5)","decl":{"start":{"line":40,"column":16},"end":{"line":40,"column":17}},"loc":{"start":{"line":40,"column":52},"end":{"line":50,"column":1}},"line":40}},"branchMap":{"0":{"loc":{"start":{"line":40,"column":18},"end":{"line":40,"column":38}},"type":"default-arg","locations":[{"start":{"line":40,"column":26},"end":{"line":40,"column":38}}],"line":40},"1":{"loc":{"start":{"line":41,"column":4},"end":{"line":49,"column":5}},"type":"switch","locations":[{"start":{"line":42,"column":8},"end":{"line":42,"column":69}},{"start":{"line":43,"column":8},"end":{"line":43,"column":73}},{"start":{"line":44,"column":8},"end":{"line":44,"column":67}},{"start":{"line":45,"column":8},"end":{"line":45,"column":71}},{"start":{"line":46,"column":8},"end":{"line":46,"column":90}},{"start":{"line":47,"column":8},"end":{"line":48,"column":25}}],"line":41}},"s":{"0":1,"1":1,"2":0,"3":1,"4":1,"5":1,"6":0,"7":1,"8":0,"9":1,"10":0,"11":1,"12":2,"13":0,"14":1,"15":0,"16":0,"17":0,"18":1},"f":{"0":0,"1":1,"2":0,"3":0,"4":0,"5":2},"b":{"0":[1],"1":[0,1,0,0,0,1]},"_coverageSchema":"332fd63041d2c1bcb487cc26dd0d5f7d97098a6c","hash":"b2cf5fab5ee5bd58f3f963e88df554331bcbc278"}
,"/home/rupalimishra/Documents/React/Newburger/src/store/reducers/burgerBuilder.js": {"path":"/home/rupalimishra/Documents/React/Newburger/src/store/reducers/burgerBuilder.js","statementMap":{"0":{"start":{"line":1,"column":13},"end":{"line":1,"column":75}},"1":{"start":{"line":1,"column":94},"end":{"line":1,"column":127}},"2":{"start":{"line":1,"column":146},"end":{"line":1,"column":183}},"3":{"start":{"line":2,"column":15},"end":{"line":2,"column":46}},"4":{"start":{"line":2,"column":86},"end":{"line":2,"column":302}},"5":{"start":{"line":2,"column":114},"end":{"line":2,"column":125}},"6":{"start":{"line":2,"column":146},"end":{"line":2,"column":148}},"7":{"start":{"line":2,"column":149},"end":{"line":2,"column":266}},"8":{"start":{"line":2,"column":167},"end":{"line":2,"column":265}},"9":{"start":{"line":2,"column":189},"end":{"line":2,"column":264}},"10":{"start":{"line":2,"column":241},"end":{"line":2,"column":264}},"11":{"start":{"line":2,"column":266},"end":{"line":2,"column":287}},"12":{"start":{"line":2,"column":287},"end":{"line":2,"column":301}},"13":{"start":{"line":4,"column":21},"end":{"line":8,"column":21}},"14":{"start":{"line":11,"column":26},"end":{"line":15,"column":16}},"15":{"start":{"line":18,"column":22},"end":{"line":27,"column":1}},"16":{"start":{"line":19,"column":30},"end":{"line":19,"column":103}},"17":{"start":{"line":20,"column":31},"end":{"line":20,"column":95}},"18":{"start":{"line":21,"column":25},"end":{"line":24,"column":24}},"19":{"start":{"line":26,"column":4},"end":{"line":26,"column":59}},"20":{"start":{"line":29,"column":25},"end":{"line":38,"column":1}},"21":{"start":{"line":30,"column":23},"end":{"line":30,"column":96}},"22":{"start":{"line":31,"column":24},"end":{"line":31,"column":81}},"23":{"start":{"line":32,"column":22},"end":{"line":35,"column":24}},"24":{"start":{"line":37,"column":4},"end":{"line":37,"column":56}},"25":{"start":{"line":40,"column":23},"end":{"line":52,"column":1}},"26":{"start":{"line":41,"column":4},"end":{"line":50,"column":27}},"27":{"start":{"line":54,"column":31},"end":{"line":56,"column":1}},"28":{"start":{"line":55,"column":4},"end":{"line":55,"column":62}},"29":{"start":{"line":58,"column":16},"end":{"line":66,"column":1}},"30":{"start":{"line":59,"column":4},"end":{"line":64,"column":30}},"31":{"start":{"line":60,"column":40},"end":{"line":60,"column":76}},"32":{"start":{"line":61,"column":43},"end":{"line":61,"column":82}},"33":{"start":{"line":62,"column":41},"end":{"line":62,"column":78}},"34":{"start":{"line":63,"column":50},"end":{"line":63,"column":95}},"35":{"start":{"line":64,"column":16},"end":{"line":64,"column":29}},"36":{"start":{"line":66,"column":2},"end":{"line":68,"column":8}}},"fnMap":{"0":{"name":"_interopRequireWildcard","decl":{"start":{"line":2,"column":56},"end":{"line":2,"column":79}},"loc":{"start":{"line":2,"column":85},"end":{"line":2,"column":303}},"line":2},"1":{"name":"(anonymous_1)","decl":{"start":{"line":18,"column":22},"end":{"line":18,"column":23}},"loc":{"start":{"line":18,"column":41},"end":{"line":27,"column":1}},"line":18},"2":{"name":"(anonymous_2)","decl":{"start":{"line":29,"column":25},"end":{"line":29,"column":26}},"loc":{"start":{"line":29,"column":44},"end":{"line":38,"column":1}},"line":29},"3":{"name":"(anonymous_3)","decl":{"start":{"line":40,"column":23},"end":{"line":40,"column":24}},"loc":{"start":{"line":40,"column":42},"end":{"line":52,"column":1}},"line":40},"4":{"name":"(anonymous_4)","decl":{"start":{"line":54,"column":31},"end":{"line":54,"column":32}},"loc":{"start":{"line":54,"column":50},"end":{"line":56,"column":1}},"line":54},"5":{"name":"(anonymous_5)","decl":{"start":{"line":58,"column":16},"end":{"line":58,"column":17}},"loc":{"start":{"line":58,"column":50},"end":{"line":66,"column":1}},"line":58}},"branchMap":{"0":{"loc":{"start":{"line":2,"column":86},"end":{"line":2,"column":302}},"type":"if","locations":[{"start":{"line":2,"column":86},"end":{"line":2,"column":302}},{"start":{"line":2,"column":86},"end":{"line":2,"column":302}}],"line":2},"1":{"loc":{"start":{"line":2,"column":90},"end":{"line":2,"column":111}},"type":"binary-expr","locations":[{"start":{"line":2,"column":90},"end":{"line":2,"column":93}},{"start":{"line":2,"column":97},"end":{"line":2,"column":111}}],"line":2},"2":{"loc":{"start":{"line":2,"column":149},"end":{"line":2,"column":266}},"type":"if","locations":[{"start":{"line":2,"column":149},"end":{"line":2,"column":266}},{"start":{"line":2,"column":149},"end":{"line":2,"column":266}}],"line":2},"3":{"loc":{"start":{"line":2,"column":189},"end":{"line":2,"column":264}},"type":"if","locations":[{"start":{"line":2,"column":189},"end":{"line":2,"column":264}},{"start":{"line":2,"column":189},"end":{"line":2,"column":264}}],"line":2},"4":{"loc":{"start":{"line":58,"column":17},"end":{"line":58,"column":37}},"type":"default-arg","locations":[{"start":{"line":58,"column":25},"end":{"line":58,"column":37}}],"line":58},"5":{"loc":{"start":{"line":59,"column":4},"end":{"line":64,"column":30}},"type":"switch","locations":[{"start":{"line":60,"column":8},"end":{"line":60,"column":76}},{"start":{"line":61,"column":8},"end":{"line":61,"column":82}},{"start":{"line":62,"column":8},"end":{"line":62,"column":78}},{"start":{"line":63,"column":8},"end":{"line":63,"column":95}},{"start":{"line":64,"column":8},"end":{"line":64,"column":29}}],"line":59}},"s":{"0":0,"1":0,"2":0,"3":0,"4":0,"5":0,"6":0,"7":0,"8":0,"9":0,"10":0,"11":0,"12":0,"13":0,"14":0,"15":0,"16":0,"17":0,"18":0,"19":0,"20":0,"21":0,"22":0,"23":0,"24":0,"25":0,"26":0,"27":0,"28":0,"29":0,"30":0,"31":0,"32":0,"33":0,"34":0,"35":0,"36":0},"f":{"0":0,"1":0,"2":0,"3":0,"4":0,"5":0},"b":{"0":[0,0],"1":[0,0],"2":[0,0],"3":[0,0],"4":[0],"5":[0,0,0,0,0]}}
,"/home/rupalimishra/Documents/React/Newburger/src/store/reducers/order.js": {"path":"/home/rupalimishra/Documents/React/Newburger/src/store/reducers/order.js","statementMap":{"0":{"start":{"line":1,"column":13},"end":{"line":1,"column":75}},"1":{"start":{"line":1,"column":94},"end":{"line":1,"column":127}},"2":{"start":{"line":1,"column":146},"end":{"line":1,"column":183}},"3":{"start":{"line":2,"column":15},"end":{"line":2,"column":46}},"4":{"start":{"line":2,"column":86},"end":{"line":2,"column":302}},"5":{"start":{"line":2,"column":114},"end":{"line":2,"column":125}},"6":{"start":{"line":2,"column":146},"end":{"line":2,"column":148}},"7":{"start":{"line":2,"column":149},"end":{"line":2,"column":266}},"8":{"start":{"line":2,"column":167},"end":{"line":2,"column":265}},"9":{"start":{"line":2,"column":189},"end":{"line":2,"column":264}},"10":{"start":{"line":2,"column":241},"end":{"line":2,"column":264}},"11":{"start":{"line":2,"column":266},"end":{"line":2,"column":287}},"12":{"start":{"line":2,"column":287},"end":{"line":2,"column":301}},"13":{"start":{"line":4,"column":21},"end":{"line":7,"column":22}},"14":{"start":{"line":10,"column":21},"end":{"line":12,"column":1}},"15":{"start":{"line":11,"column":4},"end":{"line":11,"column":67}},"16":{"start":{"line":14,"column":28},"end":{"line":16,"column":1}},"17":{"start":{"line":15,"column":4},"end":{"line":15,"column":64}},"18":{"start":{"line":18,"column":30},"end":{"line":25,"column":1}},"19":{"start":{"line":19,"column":21},"end":{"line":19,"column":89}},"20":{"start":{"line":20,"column":4},"end":{"line":23,"column":49}},"21":{"start":{"line":27,"column":27},"end":{"line":29,"column":1}},"22":{"start":{"line":28,"column":4},"end":{"line":28,"column":65}},"23":{"start":{"line":31,"column":25},"end":{"line":33,"column":1}},"24":{"start":{"line":32,"column":4},"end":{"line":32,"column":64}},"25":{"start":{"line":35,"column":27},"end":{"line":40,"column":1}},"26":{"start":{"line":36,"column":4},"end":{"line":38,"column":26}},"27":{"start":{"line":42,"column":24},"end":{"line":44,"column":1}},"28":{"start":{"line":43,"column":4},"end":{"line":43,"column":65}},"29":{"start":{"line":46,"column":16},"end":{"line":57,"column":1}},"30":{"start":{"line":47,"column":4},"end":{"line":55,"column":30}},"31":{"start":{"line":48,"column":39},"end":{"line":48,"column":74}},"32":{"start":{"line":49,"column":47},"end":{"line":49,"column":89}},"33":{"start":{"line":50,"column":49},"end":{"line":50,"column":93}},"34":{"start":{"line":51,"column":46},"end":{"line":51,"column":87}},"35":{"start":{"line":52,"column":44},"end":{"line":52,"column":83}},"36":{"start":{"line":53,"column":46},"end":{"line":53,"column":87}},"37":{"start":{"line":54,"column":43},"end":{"line":54,"column":81}},"38":{"start":{"line":55,"column":16},"end":{"line":55,"column":29}},"39":{"start":{"line":57,"column":2},"end":{"line":59,"column":8}}},"fnMap":{"0":{"name":"_interopRequireWildcard","decl":{"start":{"line":2,"column":56},"end":{"line":2,"column":79}},"loc":{"start":{"line":2,"column":85},"end":{"line":2,"column":303}},"line":2},"1":{"name":"(anonymous_1)","decl":{"start":{"line":10,"column":21},"end":{"line":10,"column":22}},"loc":{"start":{"line":10,"column":40},"end":{"line":12,"column":1}},"line":10},"2":{"name":"(anonymous_2)","decl":{"start":{"line":14,"column":28},"end":{"line":14,"column":29}},"loc":{"start":{"line":14,"column":47},"end":{"line":16,"column":1}},"line":14},"3":{"name":"(anonymous_3)","decl":{"start":{"line":18,"column":30},"end":{"line":18,"column":31}},"loc":{"start":{"line":18,"column":49},"end":{"line":25,"column":1}},"line":18},"4":{"name":"(anonymous_4)","decl":{"start":{"line":27,"column":27},"end":{"line":27,"column":28}},"loc":{"start":{"line":27,"column":46},"end":{"line":29,"column":1}},"line":27},"5":{"name":"(anonymous_5)","decl":{"start":{"line":31,"column":25},"end":{"line":31,"column":26}},"loc":{"start":{"line":31,"column":44},"end":{"line":33,"column":1}},"line":31},"6":{"name":"(anonymous_6)","decl":{"start":{"line":35,"column":27},"end":{"line":35,"column":28}},"loc":{"start":{"line":35,"column":46},"end":{"line":40,"column":1}},"line":35},"7":{"name":"(anonymous_7)","decl":{"start":{"line":42,"column":24},"end":{"line":42,"column":25}},"loc":{"start":{"line":42,"column":43},"end":{"line":44,"column":1}},"line":42},"8":{"name":"(anonymous_8)","decl":{"start":{"line":46,"column":16},"end":{"line":46,"column":17}},"loc":{"start":{"line":46,"column":50},"end":{"line":57,"column":1}},"line":46}},"branchMap":{"0":{"loc":{"start":{"line":2,"column":86},"end":{"line":2,"column":302}},"type":"if","locations":[{"start":{"line":2,"column":86},"end":{"line":2,"column":302}},{"start":{"line":2,"column":86},"end":{"line":2,"column":302}}],"line":2},"1":{"loc":{"start":{"line":2,"column":90},"end":{"line":2,"column":111}},"type":"binary-expr","locations":[{"start":{"line":2,"column":90},"end":{"line":2,"column":93}},{"start":{"line":2,"column":97},"end":{"line":2,"column":111}}],"line":2},"2":{"loc":{"start":{"line":2,"column":149},"end":{"line":2,"column":266}},"type":"if","locations":[{"start":{"line":2,"column":149},"end":{"line":2,"column":266}},{"start":{"line":2,"column":149},"end":{"line":2,"column":266}}],"line":2},"3":{"loc":{"start":{"line":2,"column":189},"end":{"line":2,"column":264}},"type":"if","locations":[{"start":{"line":2,"column":189},"end":{"line":2,"column":264}},{"start":{"line":2,"column":189},"end":{"line":2,"column":264}}],"line":2},"4":{"loc":{"start":{"line":46,"column":17},"end":{"line":46,"column":37}},"type":"default-arg","locations":[{"start":{"line":46,"column":25},"end":{"line":46,"column":37}}],"line":46},"5":{"loc":{"start":{"line":47,"column":4},"end":{"line":55,"column":30}},"type":"switch","locations":[{"start":{"line":48,"column":8},"end":{"line":48,"column":74}},{"start":{"line":49,"column":8},"end":{"line":49,"column":89}},{"start":{"line":50,"column":8},"end":{"line":50,"column":93}},{"start":{"line":51,"column":8},"end":{"line":51,"column":87}},{"start":{"line":52,"column":8},"end":{"line":52,"column":83}},{"start":{"line":53,"column":8},"end":{"line":53,"column":87}},{"start":{"line":54,"column":8},"end":{"line":54,"column":81}},{"start":{"line":55,"column":8},"end":{"line":55,"column":29}}],"line":47}},"s":{"0":0,"1":0,"2":0,"3":0,"4":0,"5":0,"6":0,"7":0,"8":0,"9":0,"10":0,"11":0,"12":0,"13":0,"14":0,"15":0,"16":0,"17":0,"18":0,"19":0,"20":0,"21":0,"22":0,"23":0,"24":0,"25":0,"26":0,"27":0,"28":0,"29":0,"30":0,"31":0,"32":0,"33":0,"34":0,"35":0,"36":0,"37":0,"38":0,"39":0},"f":{"0":0,"1":0,"2":0,"3":0,"4":0,"5":0,"6":0,"7":0,"8":0},"b":{"0":[0,0],"1":[0,0],"2":[0,0],"3":[0,0],"4":[0],"5":[0,0,0,0,0,0,0,0]}}
}
